{"total": {"lines":{"total":940,"covered":776,"skipped":0,"pct":82.55},"statements":{"total":1060,"covered":842,"skipped":0,"pct":79.43},"functions":{"total":95,"covered":83,"skipped":0,"pct":87.36},"branches":{"total":895,"covered":664,"skipped":0,"pct":74.18},"branchesTrue":{"total":0,"covered":0,"skipped":0,"pct":100}}
,"/mnt/shared/drive-personal/Documents/Programming/foundryvtt-dev-pod.worktrees/dev/helpers/config-validator.js": {"lines":{"total":92,"covered":87,"skipped":0,"pct":94.56},"functions":{"total":7,"covered":7,"skipped":0,"pct":100},"statements":{"total":93,"covered":87,"skipped":0,"pct":93.54},"branches":{"total":92,"covered":85,"skipped":0,"pct":92.39}}
,"/mnt/shared/drive-personal/Documents/Programming/foundryvtt-dev-pod.worktrees/dev/patches/common/helpers/argvParser.mjs": {"lines":{"total":7,"covered":7,"skipped":0,"pct":100},"functions":{"total":2,"covered":2,"skipped":0,"pct":100},"statements":{"total":7,"covered":7,"skipped":0,"pct":100},"branches":{"total":8,"covered":6,"skipped":0,"pct":75}}
,"/mnt/shared/drive-personal/Documents/Programming/foundryvtt-dev-pod.worktrees/dev/patches/common/helpers/cache.mjs": {"lines":{"total":124,"covered":117,"skipped":0,"pct":94.35},"functions":{"total":27,"covered":22,"skipped":0,"pct":81.48},"statements":{"total":180,"covered":144,"skipped":0,"pct":80},"branches":{"total":106,"covered":73,"skipped":0,"pct":68.86}}
,"/mnt/shared/drive-personal/Documents/Programming/foundryvtt-dev-pod.worktrees/dev/patches/common/helpers/common.mjs": {"lines":{"total":36,"covered":32,"skipped":0,"pct":88.88},"functions":{"total":10,"covered":10,"skipped":0,"pct":100},"statements":{"total":44,"covered":37,"skipped":0,"pct":84.09},"branches":{"total":26,"covered":17,"skipped":0,"pct":65.38}}
,"/mnt/shared/drive-personal/Documents/Programming/foundryvtt-dev-pod.worktrees/dev/patches/common/helpers/componentInstaller.mjs": {"lines":{"total":339,"covered":234,"skipped":0,"pct":69.02},"functions":{"total":9,"covered":7,"skipped":0,"pct":77.77},"statements":{"total":371,"covered":252,"skipped":0,"pct":67.92},"branches":{"total":278,"covered":174,"skipped":0,"pct":62.58}}
,"/mnt/shared/drive-personal/Documents/Programming/foundryvtt-dev-pod.worktrees/dev/patches/common/helpers/extractors.mjs": {"lines":{"total":47,"covered":45,"skipped":0,"pct":95.74},"functions":{"total":7,"covered":7,"skipped":0,"pct":100},"statements":{"total":52,"covered":50,"skipped":0,"pct":96.15},"branches":{"total":30,"covered":24,"skipped":0,"pct":80}}
,"/mnt/shared/drive-personal/Documents/Programming/foundryvtt-dev-pod.worktrees/dev/scripts/generate-compose.js": {"lines":{"total":188,"covered":169,"skipped":0,"pct":89.89},"functions":{"total":14,"covered":11,"skipped":0,"pct":78.57},"statements":{"total":199,"covered":176,"skipped":0,"pct":88.44},"branches":{"total":275,"covered":238,"skipped":0,"pct":86.54}}
,"/mnt/shared/drive-personal/Documents/Programming/foundryvtt-dev-pod.worktrees/dev/scripts/validate-config.js": {"lines":{"total":48,"covered":37,"skipped":0,"pct":77.08},"functions":{"total":10,"covered":9,"skipped":0,"pct":90},"statements":{"total":49,"covered":38,"skipped":0,"pct":77.55},"branches":{"total":19,"covered":12,"skipped":0,"pct":63.15}}
,"/mnt/shared/drive-personal/Documents/Programming/foundryvtt-dev-pod.worktrees/dev/tests/unit/scripts/dev-smoke-install.js": {"lines":{"total":55,"covered":44,"skipped":0,"pct":80},"functions":{"total":8,"covered":7,"skipped":0,"pct":87.5},"statements":{"total":61,"covered":47,"skipped":0,"pct":77.04},"branches":{"total":51,"covered":26,"skipped":0,"pct":50.98}}
,"/mnt/shared/drive-personal/Documents/Programming/foundryvtt-dev-pod.worktrees/dev/tests/utils/shell.js": {"lines":{"total":4,"covered":4,"skipped":0,"pct":100},"functions":{"total":1,"covered":1,"skipped":0,"pct":100},"statements":{"total":4,"covered":4,"skipped":0,"pct":100},"branches":{"total":10,"covered":9,"skipped":0,"pct":90}}
}
