{"/home/runner/work/foundryvtt-dev-pod/foundryvtt-dev-pod/config/config.js": {"path":"/home/runner/work/foundryvtt-dev-pod/foundryvtt-dev-pod/config/config.js","statementMap":{"0":{"start":{"line":30,"column":4},"end":{"line":30,"column":31}},"1":{"start":{"line":33,"column":4},"end":{"line":33,"column":29}},"2":{"start":{"line":36,"column":4},"end":{"line":36,"column":28}},"3":{"start":{"line":44,"column":15},"end":{"line":44,"column":27}}},"fnMap":{"0":{"name":"(anonymous_0)","decl":{"start":{"line":28,"column":2},"end":{"line":28,"column":3}},"loc":{"start":{"line":28,"column":16},"end":{"line":37,"column":3}},"line":28}},"branchMap":{},"s":{"0":5,"1":5,"2":5,"3":5},"f":{"0":5},"b":{},"inputSourceMap":null,"_coverageSchema":"1a1c01bbd47fc00a2c39e90264f33305004495a9","hash":"3a07901af69223496d228044bd83f804e61ee7c1"}
,"/home/runner/work/foundryvtt-dev-pod/foundryvtt-dev-pod/config/constants.js": {"path":"/home/runner/work/foundryvtt-dev-pod/foundryvtt-dev-pod/config/constants.js","statementMap":{"0":{"start":{"line":43,"column":18},"end":{"line":43,"column":103}}},"fnMap":{},"branchMap":{},"s":{"0":5},"f":{},"b":{},"inputSourceMap":null,"_coverageSchema":"1a1c01bbd47fc00a2c39e90264f33305004495a9","hash":"63a77d1ff8cfef6e5fc76949df885713d5422f5f"}
,"/home/runner/work/foundryvtt-dev-pod/foundryvtt-dev-pod/config/defaults.js": {"path":"/home/runner/work/foundryvtt-dev-pod/foundryvtt-dev-pod/config/defaults.js","statementMap":{"0":{"start":{"line":16,"column":16},"end":{"line":21,"column":2}},"1":{"start":{"line":33,"column":17},"end":{"line":33,"column":48}}},"fnMap":{},"branchMap":{},"s":{"0":5,"1":5},"f":{},"b":{},"inputSourceMap":null,"_coverageSchema":"1a1c01bbd47fc00a2c39e90264f33305004495a9","hash":"aa1fcbb6d63040f5e0e87496991bd5218c9ef7b3"}
,"/home/runner/work/foundryvtt-dev-pod/foundryvtt-dev-pod/config/manifest.js": {"path":"/home/runner/work/foundryvtt-dev-pod/foundryvtt-dev-pod/config/manifest.js","statementMap":{"0":{"start":{"line":16,"column":21},"end":{"line":16,"column":61}},"1":{"start":{"line":17,"column":25},"end":{"line":17,"column":74}},"2":{"start":{"line":35,"column":15},"end":{"line":35,"column":51}},"3":{"start":{"line":38,"column":17},"end":{"line":38,"column":46}}},"fnMap":{},"branchMap":{},"s":{"0":5,"1":5,"2":5,"3":5},"f":{},"b":{},"inputSourceMap":null,"_coverageSchema":"1a1c01bbd47fc00a2c39e90264f33305004495a9","hash":"6ae12b2ea0e0a6924b4194cdde5b77db77cbeb06"}
,"/home/runner/work/foundryvtt-dev-pod/foundryvtt-dev-pod/config/helpers/constantsBuilder.js": {"path":"/home/runner/work/foundryvtt-dev-pod/foundryvtt-dev-pod/config/helpers/constantsBuilder.js","statementMap":{"0":{"start":{"line":48,"column":4},"end":{"line":48,"column":108}},"1":{"start":{"line":49,"column":4},"end":{"line":49,"column":23}},"2":{"start":{"line":58,"column":45},"end":{"line":58,"column":58}},"3":{"start":{"line":59,"column":4},"end":{"line":59,"column":38}},"4":{"start":{"line":59,"column":20},"end":{"line":59,"column":38}},"5":{"start":{"line":60,"column":4},"end":{"line":64,"column":5}},"6":{"start":{"line":61,"column":20},"end":{"line":61,"column":28}},"7":{"start":{"line":62,"column":6},"end":{"line":62,"column":97}},"8":{"start":{"line":62,"column":37},"end":{"line":62,"column":97}},"9":{"start":{"line":63,"column":6},"end":{"line":63,"column":19}},"10":{"start":{"line":65,"column":4},"end":{"line":69,"column":5}},"11":{"start":{"line":66,"column":23},"end":{"line":66,"column":96}},"12":{"start":{"line":67,"column":6},"end":{"line":67,"column":88}},"13":{"start":{"line":67,"column":36},"end":{"line":67,"column":88}},"14":{"start":{"line":68,"column":6},"end":{"line":68,"column":47}},"15":{"start":{"line":70,"column":4},"end":{"line":70,"column":46}},"16":{"start":{"line":78,"column":4},"end":{"line":78,"column":45}},"17":{"start":{"line":79,"column":19},"end":{"line":79,"column":95}},"18":{"start":{"line":80,"column":4},"end":{"line":85,"column":6}},"19":{"start":{"line":92,"column":19},"end":{"line":92,"column":39}},"20":{"start":{"line":98,"column":19},"end":{"line":98,"column":45}},"21":{"start":{"line":104,"column":18},"end":{"line":104,"column":61}}},"fnMap":{"0":{"name":"(anonymous_0)","decl":{"start":{"line":47,"column":2},"end":{"line":47,"column":3}},"loc":{"start":{"line":47,"column":28},"end":{"line":50,"column":3}},"line":47},"1":{"name":"(anonymous_1)","decl":{"start":{"line":92,"column":2},"end":{"line":92,"column":3}},"loc":{"start":{"line":92,"column":17},"end":{"line":92,"column":41}},"line":92},"2":{"name":"(anonymous_2)","decl":{"start":{"line":98,"column":2},"end":{"line":98,"column":3}},"loc":{"start":{"line":98,"column":17},"end":{"line":98,"column":47}},"line":98},"3":{"name":"(anonymous_3)","decl":{"start":{"line":104,"column":2},"end":{"line":104,"column":3}},"loc":{"start":{"line":104,"column":16},"end":{"line":104,"column":63}},"line":104}},"branchMap":{"0":{"loc":{"start":{"line":47,"column":14},"end":{"line":47,"column":26}},"type":"default-arg","locations":[{"start":{"line":47,"column":24},"end":{"line":47,"column":26}}],"line":47},"1":{"loc":{"start":{"line":59,"column":4},"end":{"line":59,"column":38}},"type":"if","locations":[{"start":{"line":59,"column":4},"end":{"line":59,"column":38}},{"start":{},"end":{}}],"line":59},"2":{"loc":{"start":{"line":60,"column":4},"end":{"line":64,"column":5}},"type":"if","locations":[{"start":{"line":60,"column":4},"end":{"line":64,"column":5}},{"start":{},"end":{}}],"line":60},"3":{"loc":{"start":{"line":62,"column":6},"end":{"line":62,"column":97}},"type":"if","locations":[{"start":{"line":62,"column":6},"end":{"line":62,"column":97}},{"start":{},"end":{}}],"line":62},"4":{"loc":{"start":{"line":65,"column":4},"end":{"line":69,"column":5}},"type":"if","locations":[{"start":{"line":65,"column":4},"end":{"line":69,"column":5}},{"start":{},"end":{}}],"line":65},"5":{"loc":{"start":{"line":66,"column":23},"end":{"line":66,"column":96}},"type":"cond-expr","locations":[{"start":{"line":66,"column":51},"end":{"line":66,"column":59}},{"start":{"line":66,"column":62},"end":{"line":66,"column":96}}],"line":66},"6":{"loc":{"start":{"line":67,"column":6},"end":{"line":67,"column":88}},"type":"if","locations":[{"start":{"line":67,"column":6},"end":{"line":67,"column":88}},{"start":{},"end":{}}],"line":67},"7":{"loc":{"start":{"line":79,"column":19},"end":{"line":79,"column":95}},"type":"binary-expr","locations":[{"start":{"line":79,"column":19},"end":{"line":79,"column":39}},{"start":{"line":79,"column":43},"end":{"line":79,"column":95}}],"line":79}},"s":{"0":10,"1":10,"2":10,"3":10,"4":0,"5":10,"6":0,"7":0,"8":0,"9":0,"10":10,"11":10,"12":10,"13":0,"14":10,"15":0,"16":10,"17":10,"18":10,"19":0,"20":10,"21":0},"f":{"0":10,"1":0,"2":10,"3":0},"b":{"0":[0],"1":[0,10],"2":[0,10],"3":[0,0],"4":[10,0],"5":[0,10],"6":[0,10],"7":[10,10]},"inputSourceMap":null,"_coverageSchema":"1a1c01bbd47fc00a2c39e90264f33305004495a9","hash":"60c52fcdf65864ddea5eac6ca39934c7e59011fd"}
,"/home/runner/work/foundryvtt-dev-pod/foundryvtt-dev-pod/config/helpers/constantsGetter.js": {"path":"/home/runner/work/foundryvtt-dev-pod/foundryvtt-dev-pod/config/helpers/constantsGetter.js","statementMap":{"0":{"start":{"line":14,"column":23},"end":{"line":14,"column":39}},"1":{"start":{"line":15,"column":17},"end":{"line":15,"column":23}},"2":{"start":{"line":48,"column":4},"end":{"line":50,"column":5}},"3":{"start":{"line":49,"column":6},"end":{"line":49,"column":107}},"4":{"start":{"line":51,"column":21},"end":{"line":51,"column":104}},"5":{"start":{"line":52,"column":4},"end":{"line":59,"column":5}},"6":{"start":{"line":53,"column":22},"end":{"line":53,"column":61}},"7":{"start":{"line":54,"column":6},"end":{"line":54,"column":79}},"8":{"start":{"line":54,"column":20},"end":{"line":54,"column":79}},"9":{"start":{"line":55,"column":6},"end":{"line":55,"column":21}},"10":{"start":{"line":57,"column":6},"end":{"line":57,"column":65}},"11":{"start":{"line":58,"column":6},"end":{"line":58,"column":18}}},"fnMap":{"0":{"name":"(anonymous_0)","decl":{"start":{"line":47,"column":2},"end":{"line":47,"column":3}},"loc":{"start":{"line":47,"column":83},"end":{"line":60,"column":3}},"line":47}},"branchMap":{"0":{"loc":{"start":{"line":47,"column":26},"end":{"line":47,"column":60}},"type":"default-arg","locations":[{"start":{"line":47,"column":46},"end":{"line":47,"column":60}}],"line":47},"1":{"loc":{"start":{"line":47,"column":62},"end":{"line":47,"column":81}},"type":"default-arg","locations":[{"start":{"line":47,"column":73},"end":{"line":47,"column":81}}],"line":47},"2":{"loc":{"start":{"line":48,"column":4},"end":{"line":50,"column":5}},"type":"if","locations":[{"start":{"line":48,"column":4},"end":{"line":50,"column":5}},{"start":{},"end":{}}],"line":48},"3":{"loc":{"start":{"line":54,"column":6},"end":{"line":54,"column":79}},"type":"if","locations":[{"start":{"line":54,"column":6},"end":{"line":54,"column":79}},{"start":{},"end":{}}],"line":54}},"s":{"0":5,"1":5,"2":0,"3":0,"4":0,"5":0,"6":0,"7":0,"8":0,"9":0,"10":0,"11":0},"f":{"0":0},"b":{"0":[0],"1":[0],"2":[0,0],"3":[0,0]},"inputSourceMap":null,"_coverageSchema":"1a1c01bbd47fc00a2c39e90264f33305004495a9","hash":"3ad0526705e1dddf7feb10405907d1ecb2a29f4e"}
,"/home/runner/work/foundryvtt-dev-pod/foundryvtt-dev-pod/config/helpers/constantsParser.js": {"path":"/home/runner/work/foundryvtt-dev-pod/foundryvtt-dev-pod/config/helpers/constantsParser.js","statementMap":{"0":{"start":{"line":41,"column":2},"end":{"line":41,"column":87}},"1":{"start":{"line":41,"column":37},"end":{"line":41,"column":87}},"2":{"start":{"line":42,"column":2},"end":{"line":42,"column":109}},"3":{"start":{"line":42,"column":48},"end":{"line":42,"column":109}},"4":{"start":{"line":52,"column":28},"end":{"line":52,"column":85}},"5":{"start":{"line":66,"column":2},"end":{"line":66,"column":67}},"6":{"start":{"line":67,"column":2},"end":{"line":79,"column":3}},"7":{"start":{"line":69,"column":27},"end":{"line":69,"column":77}},"8":{"start":{"line":70,"column":3},"end":{"line":74,"column":4}},"9":{"start":{"line":72,"column":16},"end":{"line":72,"column":54}},"10":{"start":{"line":73,"column":4},"end":{"line":73,"column":70}},"11":{"start":{"line":75,"column":3},"end":{"line":75,"column":26}},"12":{"start":{"line":77,"column":3},"end":{"line":77,"column":52}},"13":{"start":{"line":78,"column":3},"end":{"line":78,"column":48}},"14":{"start":{"line":90,"column":26},"end":{"line":92,"column":18}},"15":{"start":{"line":93,"column":2},"end":{"line":95,"column":3}},"16":{"start":{"line":94,"column":3},"end":{"line":94,"column":106}},"17":{"start":{"line":96,"column":2},"end":{"line":111,"column":4}},"18":{"start":{"line":97,"column":19},"end":{"line":97,"column":21}},"19":{"start":{"line":98,"column":3},"end":{"line":109,"column":4}},"20":{"start":{"line":99,"column":4},"end":{"line":108,"column":5}},"21":{"start":{"line":100,"column":5},"end":{"line":100,"column":25}},"22":{"start":{"line":101,"column":11},"end":{"line":108,"column":5}},"23":{"start":{"line":102,"column":5},"end":{"line":102,"column":34}},"24":{"start":{"line":103,"column":11},"end":{"line":108,"column":5}},"25":{"start":{"line":104,"column":5},"end":{"line":104,"column":73}},"26":{"start":{"line":107,"column":5},"end":{"line":107,"column":26}},"27":{"start":{"line":110,"column":3},"end":{"line":110,"column":18}}},"fnMap":{"0":{"name":"(anonymous_0)","decl":{"start":{"line":65,"column":1},"end":{"line":65,"column":2}},"loc":{"start":{"line":65,"column":107},"end":{"line":80,"column":2}},"line":65},"1":{"name":"(anonymous_1)","decl":{"start":{"line":89,"column":1},"end":{"line":89,"column":2}},"loc":{"start":{"line":89,"column":45},"end":{"line":112,"column":2}},"line":89},"2":{"name":"(anonymous_2)","decl":{"start":{"line":96,"column":9},"end":{"line":96,"column":10}},"loc":{"start":{"line":96,"column":52},"end":{"line":111,"column":3}},"line":96}},"branchMap":{"0":{"loc":{"start":{"line":41,"column":2},"end":{"line":41,"column":87}},"type":"if","locations":[{"start":{"line":41,"column":2},"end":{"line":41,"column":87}},{"start":{},"end":{}}],"line":41},"1":{"loc":{"start":{"line":42,"column":2},"end":{"line":42,"column":109}},"type":"if","locations":[{"start":{"line":42,"column":2},"end":{"line":42,"column":109}},{"start":{},"end":{}}],"line":42},"2":{"loc":{"start":{"line":52,"column":35},"end":{"line":52,"column":84}},"type":"binary-expr","locations":[{"start":{"line":52,"column":35},"end":{"line":52,"column":38}},{"start":{"line":52,"column":42},"end":{"line":52,"column":63}},{"start":{"line":52,"column":67},"end":{"line":52,"column":84}}],"line":52},"3":{"loc":{"start":{"line":65,"column":34},"end":{"line":65,"column":62}},"type":"default-arg","locations":[{"start":{"line":65,"column":52},"end":{"line":65,"column":62}}],"line":65},"4":{"loc":{"start":{"line":65,"column":64},"end":{"line":65,"column":90}},"type":"default-arg","locations":[{"start":{"line":65,"column":86},"end":{"line":65,"column":90}}],"line":65},"5":{"loc":{"start":{"line":65,"column":92},"end":{"line":65,"column":105}},"type":"default-arg","locations":[{"start":{"line":65,"column":101},"end":{"line":65,"column":105}}],"line":65},"6":{"loc":{"start":{"line":70,"column":3},"end":{"line":74,"column":4}},"type":"if","locations":[{"start":{"line":70,"column":3},"end":{"line":74,"column":4}},{"start":{},"end":{}}],"line":70},"7":{"loc":{"start":{"line":70,"column":7},"end":{"line":70,"column":134}},"type":"binary-expr","locations":[{"start":{"line":70,"column":7},"end":{"line":70,"column":26}},{"start":{"line":70,"column":30},"end":{"line":70,"column":71}},{"start":{"line":70,"column":75},"end":{"line":70,"column":134}}],"line":70},"8":{"loc":{"start":{"line":90,"column":26},"end":{"line":92,"column":18}},"type":"cond-expr","locations":[{"start":{"line":91,"column":5},"end":{"line":91,"column":26}},{"start":{"line":92,"column":5},"end":{"line":92,"column":18}}],"line":90},"9":{"loc":{"start":{"line":90,"column":27},"end":{"line":90,"column":107}},"type":"binary-expr","locations":[{"start":{"line":90,"column":27},"end":{"line":90,"column":61}},{"start":{"line":90,"column":65},"end":{"line":90,"column":107}}],"line":90},"10":{"loc":{"start":{"line":93,"column":2},"end":{"line":95,"column":3}},"type":"if","locations":[{"start":{"line":93,"column":2},"end":{"line":95,"column":3}},{"start":{},"end":{}}],"line":93},"11":{"loc":{"start":{"line":99,"column":4},"end":{"line":108,"column":5}},"type":"if","locations":[{"start":{"line":99,"column":4},"end":{"line":108,"column":5}},{"start":{"line":101,"column":11},"end":{"line":108,"column":5}}],"line":99},"12":{"loc":{"start":{"line":101,"column":11},"end":{"line":108,"column":5}},"type":"if","locations":[{"start":{"line":101,"column":11},"end":{"line":108,"column":5}},{"start":{"line":103,"column":11},"end":{"line":108,"column":5}}],"line":101},"13":{"loc":{"start":{"line":103,"column":11},"end":{"line":108,"column":5}},"type":"if","locations":[{"start":{"line":103,"column":11},"end":{"line":108,"column":5}},{"start":{"line":105,"column":11},"end":{"line":108,"column":5}}],"line":103}},"s":{"0":10,"1":0,"2":10,"3":0,"4":0,"5":10,"6":10,"7":10,"8":10,"9":0,"10":0,"11":10,"12":0,"13":0,"14":0,"15":0,"16":0,"17":0,"18":0,"19":0,"20":0,"21":0,"22":0,"23":0,"24":0,"25":0,"26":0,"27":0},"f":{"0":10,"1":0,"2":0},"b":{"0":[0,10],"1":[0,10],"2":[0,0,0],"3":[0],"4":[0],"5":[0],"6":[0,10],"7":[10,5,0],"8":[0,0],"9":[0,0],"10":[0,0],"11":[0,0],"12":[0,0],"13":[0,0]},"inputSourceMap":null,"_coverageSchema":"1a1c01bbd47fc00a2c39e90264f33305004495a9","hash":"6d29ade83f3e96c0342008b86e8ce94b269f250e"}
,"/home/runner/work/foundryvtt-dev-pod/foundryvtt-dev-pod/config/helpers/manifestParser.js": {"path":"/home/runner/work/foundryvtt-dev-pod/foundryvtt-dev-pod/config/helpers/manifestParser.js","statementMap":{"0":{"start":{"line":9,"column":37},"end":{"line":9,"column":73}},"1":{"start":{"line":43,"column":4},"end":{"line":43,"column":29}},"2":{"start":{"line":46,"column":4},"end":{"line":48,"column":37}},"3":{"start":{"line":59,"column":4},"end":{"line":61,"column":5}},"4":{"start":{"line":60,"column":6},"end":{"line":60,"column":84}},"5":{"start":{"line":72,"column":4},"end":{"line":74,"column":5}},"6":{"start":{"line":73,"column":6},"end":{"line":73,"column":57}},"7":{"start":{"line":75,"column":4},"end":{"line":77,"column":5}},"8":{"start":{"line":76,"column":6},"end":{"line":76,"column":57}},"9":{"start":{"line":87,"column":4},"end":{"line":91,"column":5}},"10":{"start":{"line":88,"column":6},"end":{"line":90,"column":7}},"11":{"start":{"line":89,"column":8},"end":{"line":89,"column":81}},"12":{"start":{"line":101,"column":4},"end":{"line":105,"column":5}},"13":{"start":{"line":102,"column":6},"end":{"line":104,"column":7}},"14":{"start":{"line":103,"column":8},"end":{"line":103,"column":74}},"15":{"start":{"line":119,"column":4},"end":{"line":122,"column":5}},"16":{"start":{"line":121,"column":6},"end":{"line":121,"column":13}},"17":{"start":{"line":124,"column":4},"end":{"line":136,"column":5}},"18":{"start":{"line":125,"column":6},"end":{"line":125,"column":45}},"19":{"start":{"line":127,"column":6},"end":{"line":131,"column":7}},"20":{"start":{"line":128,"column":8},"end":{"line":130,"column":9}},"21":{"start":{"line":129,"column":10},"end":{"line":129,"column":76}},"22":{"start":{"line":132,"column":11},"end":{"line":136,"column":5}},"23":{"start":{"line":133,"column":6},"end":{"line":133,"column":46}},"24":{"start":{"line":135,"column":6},"end":{"line":135,"column":85}},"25":{"start":{"line":145,"column":4},"end":{"line":145,"column":33}},"26":{"start":{"line":146,"column":4},"end":{"line":150,"column":5}},"27":{"start":{"line":147,"column":6},"end":{"line":149,"column":7}},"28":{"start":{"line":148,"column":8},"end":{"line":148,"column":42}},"29":{"start":{"line":162,"column":4},"end":{"line":162,"column":46}},"30":{"start":{"line":163,"column":4},"end":{"line":163,"column":36}},"31":{"start":{"line":164,"column":4},"end":{"line":164,"column":49}},"32":{"start":{"line":165,"column":4},"end":{"line":165,"column":26}},"33":{"start":{"line":166,"column":4},"end":{"line":166,"column":25}}},"fnMap":{"0":{"name":"(anonymous_0)","decl":{"start":{"line":42,"column":2},"end":{"line":42,"column":3}},"loc":{"start":{"line":42,"column":24},"end":{"line":49,"column":3}},"line":42},"1":{"name":"(anonymous_1)","decl":{"start":{"line":58,"column":2},"end":{"line":58,"column":3}},"loc":{"start":{"line":58,"column":39},"end":{"line":62,"column":3}},"line":58},"2":{"name":"(anonymous_2)","decl":{"start":{"line":71,"column":2},"end":{"line":71,"column":3}},"loc":{"start":{"line":71,"column":29},"end":{"line":78,"column":3}},"line":71},"3":{"name":"(anonymous_3)","decl":{"start":{"line":86,"column":2},"end":{"line":86,"column":3}},"loc":{"start":{"line":86,"column":36},"end":{"line":92,"column":3}},"line":86},"4":{"name":"(anonymous_4)","decl":{"start":{"line":100,"column":2},"end":{"line":100,"column":3}},"loc":{"start":{"line":100,"column":37},"end":{"line":106,"column":3}},"line":100},"5":{"name":"(anonymous_5)","decl":{"start":{"line":117,"column":2},"end":{"line":117,"column":3}},"loc":{"start":{"line":117,"column":42},"end":{"line":137,"column":3}},"line":117},"6":{"name":"(anonymous_6)","decl":{"start":{"line":144,"column":2},"end":{"line":144,"column":3}},"loc":{"start":{"line":144,"column":19},"end":{"line":151,"column":3}},"line":144},"7":{"name":"(anonymous_7)","decl":{"start":{"line":161,"column":2},"end":{"line":161,"column":3}},"loc":{"start":{"line":161,"column":25},"end":{"line":167,"column":3}},"line":161}},"branchMap":{"0":{"loc":{"start":{"line":46,"column":30},"end":{"line":48,"column":36}},"type":"cond-expr","locations":[{"start":{"line":47,"column":8},"end":{"line":47,"column":10}},{"start":{"line":48,"column":8},"end":{"line":48,"column":36}}],"line":46},"1":{"loc":{"start":{"line":59,"column":4},"end":{"line":61,"column":5}},"type":"if","locations":[{"start":{"line":59,"column":4},"end":{"line":61,"column":5}},{"start":{},"end":{}}],"line":59},"2":{"loc":{"start":{"line":59,"column":8},"end":{"line":59,"column":81}},"type":"binary-expr","locations":[{"start":{"line":59,"column":8},"end":{"line":59,"column":40}},{"start":{"line":59,"column":44},"end":{"line":59,"column":81}}],"line":59},"3":{"loc":{"start":{"line":72,"column":4},"end":{"line":74,"column":5}},"type":"if","locations":[{"start":{"line":72,"column":4},"end":{"line":74,"column":5}},{"start":{},"end":{}}],"line":72},"4":{"loc":{"start":{"line":75,"column":4},"end":{"line":77,"column":5}},"type":"if","locations":[{"start":{"line":75,"column":4},"end":{"line":77,"column":5}},{"start":{},"end":{}}],"line":75},"5":{"loc":{"start":{"line":75,"column":8},"end":{"line":75,"column":73}},"type":"binary-expr","locations":[{"start":{"line":75,"column":8},"end":{"line":75,"column":41}},{"start":{"line":75,"column":45},"end":{"line":75,"column":73}}],"line":75},"6":{"loc":{"start":{"line":88,"column":6},"end":{"line":90,"column":7}},"type":"if","locations":[{"start":{"line":88,"column":6},"end":{"line":90,"column":7}},{"start":{},"end":{}}],"line":88},"7":{"loc":{"start":{"line":102,"column":6},"end":{"line":104,"column":7}},"type":"if","locations":[{"start":{"line":102,"column":6},"end":{"line":104,"column":7}},{"start":{},"end":{}}],"line":102},"8":{"loc":{"start":{"line":119,"column":4},"end":{"line":122,"column":5}},"type":"if","locations":[{"start":{"line":119,"column":4},"end":{"line":122,"column":5}},{"start":{},"end":{}}],"line":119},"9":{"loc":{"start":{"line":119,"column":8},"end":{"line":119,"column":233}},"type":"binary-expr","locations":[{"start":{"line":119,"column":9},"end":{"line":119,"column":47}},{"start":{"line":119,"column":51},"end":{"line":119,"column":87}},{"start":{"line":119,"column":93},"end":{"line":119,"column":136}},{"start":{"line":119,"column":140},"end":{"line":119,"column":179}},{"start":{"line":119,"column":183},"end":{"line":119,"column":232}}],"line":119},"10":{"loc":{"start":{"line":124,"column":4},"end":{"line":136,"column":5}},"type":"if","locations":[{"start":{"line":124,"column":4},"end":{"line":136,"column":5}},{"start":{"line":132,"column":11},"end":{"line":136,"column":5}}],"line":124},"11":{"loc":{"start":{"line":128,"column":8},"end":{"line":130,"column":9}},"type":"if","locations":[{"start":{"line":128,"column":8},"end":{"line":130,"column":9}},{"start":{},"end":{}}],"line":128},"12":{"loc":{"start":{"line":132,"column":11},"end":{"line":136,"column":5}},"type":"if","locations":[{"start":{"line":132,"column":11},"end":{"line":136,"column":5}},{"start":{"line":134,"column":11},"end":{"line":136,"column":5}}],"line":132},"13":{"loc":{"start":{"line":147,"column":6},"end":{"line":149,"column":7}},"type":"if","locations":[{"start":{"line":147,"column":6},"end":{"line":149,"column":7}},{"start":{},"end":{}}],"line":147},"14":{"loc":{"start":{"line":147,"column":10},"end":{"line":147,"column":79}},"type":"binary-expr","locations":[{"start":{"line":147,"column":10},"end":{"line":147,"column":48}},{"start":{"line":147,"column":52},"end":{"line":147,"column":79}}],"line":147}},"s":{"0":5,"1":5,"2":5,"3":5,"4":0,"5":5,"6":0,"7":5,"8":0,"9":0,"10":0,"11":0,"12":0,"13":0,"14":0,"15":5,"16":5,"17":0,"18":0,"19":0,"20":0,"21":0,"22":0,"23":0,"24":0,"25":5,"26":5,"27":60,"28":35,"29":5,"30":5,"31":5,"32":5,"33":5},"f":{"0":5,"1":5,"2":5,"3":0,"4":0,"5":5,"6":5,"7":5},"b":{"0":[5,0],"1":[0,5],"2":[5,5],"3":[0,5],"4":[0,5],"5":[5,5],"6":[0,0],"7":[0,0],"8":[5,0],"9":[5,5,0,0,0],"10":[0,0],"11":[0,0],"12":[0,0],"13":[35,25],"14":[60,35]},"inputSourceMap":null,"_coverageSchema":"1a1c01bbd47fc00a2c39e90264f33305004495a9","hash":"743d7fc4732cbf56a4265dd1c03ff333db4a1537"}
,"/home/runner/work/foundryvtt-dev-pod/foundryvtt-dev-pod/helpers/config-validator.js": {"path":"/home/runner/work/foundryvtt-dev-pod/foundryvtt-dev-pod/helpers/config-validator.js","statementMap":{"0":{"start":{"line":13,"column":4},"end":{"line":13,"column":49}},"1":{"start":{"line":17,"column":4},"end":{"line":19,"column":5}},"2":{"start":{"line":18,"column":6},"end":{"line":18,"column":63}},"3":{"start":{"line":20,"column":4},"end":{"line":25,"column":5}},"4":{"start":{"line":21,"column":22},"end":{"line":21,"column":57}},"5":{"start":{"line":22,"column":6},"end":{"line":22,"column":45}},"6":{"start":{"line":24,"column":6},"end":{"line":24,"column":59}},"7":{"start":{"line":29,"column":19},"end":{"line":29,"column":21}},"8":{"start":{"line":31,"column":4},"end":{"line":33,"column":5}},"9":{"start":{"line":32,"column":6},"end":{"line":32,"column":65}},"10":{"start":{"line":34,"column":4},"end":{"line":36,"column":5}},"11":{"start":{"line":35,"column":6},"end":{"line":35,"column":65}},"12":{"start":{"line":37,"column":4},"end":{"line":39,"column":5}},"13":{"start":{"line":38,"column":6},"end":{"line":38,"column":66}},"14":{"start":{"line":41,"column":4},"end":{"line":50,"column":5}},"15":{"start":{"line":42,"column":6},"end":{"line":49,"column":7}},"16":{"start":{"line":43,"column":8},"end":{"line":45,"column":9}},"17":{"start":{"line":44,"column":10},"end":{"line":44,"column":76}},"18":{"start":{"line":46,"column":8},"end":{"line":48,"column":9}},"19":{"start":{"line":47,"column":10},"end":{"line":47,"column":88}},"20":{"start":{"line":52,"column":4},"end":{"line":61,"column":5}},"21":{"start":{"line":53,"column":6},"end":{"line":60,"column":7}},"22":{"start":{"line":54,"column":8},"end":{"line":56,"column":9}},"23":{"start":{"line":55,"column":10},"end":{"line":55,"column":76}},"24":{"start":{"line":57,"column":8},"end":{"line":59,"column":9}},"25":{"start":{"line":58,"column":10},"end":{"line":58,"column":88}},"26":{"start":{"line":63,"column":4},"end":{"line":77,"column":5}},"27":{"start":{"line":64,"column":6},"end":{"line":76,"column":7}},"28":{"start":{"line":65,"column":8},"end":{"line":67,"column":9}},"29":{"start":{"line":66,"column":10},"end":{"line":66,"column":85}},"30":{"start":{"line":68,"column":8},"end":{"line":75,"column":9}},"31":{"start":{"line":69,"column":10},"end":{"line":71,"column":11}},"32":{"start":{"line":70,"column":12},"end":{"line":70,"column":95}},"33":{"start":{"line":72,"column":10},"end":{"line":74,"column":11}},"34":{"start":{"line":73,"column":12},"end":{"line":73,"column":95}},"35":{"start":{"line":79,"column":4},"end":{"line":79,"column":18}},"36":{"start":{"line":83,"column":30},"end":{"line":83,"column":57}},"37":{"start":{"line":84,"column":4},"end":{"line":86,"column":5}},"38":{"start":{"line":85,"column":6},"end":{"line":85,"column":47}},"39":{"start":{"line":88,"column":19},"end":{"line":88,"column":49}},"40":{"start":{"line":90,"column":4},"end":{"line":92,"column":5}},"41":{"start":{"line":91,"column":6},"end":{"line":91,"column":38}},"42":{"start":{"line":95,"column":23},"end":{"line":95,"column":38}},"43":{"start":{"line":96,"column":4},"end":{"line":124,"column":5}},"44":{"start":{"line":97,"column":6},"end":{"line":99,"column":7}},"45":{"start":{"line":98,"column":8},"end":{"line":98,"column":82}},"46":{"start":{"line":100,"column":6},"end":{"line":123,"column":7}},"47":{"start":{"line":101,"column":30},"end":{"line":101,"column":65}},"48":{"start":{"line":102,"column":23},"end":{"line":102,"column":48}},"49":{"start":{"line":103,"column":20},"end":{"line":103,"column":63}},"50":{"start":{"line":108,"column":25},"end":{"line":108,"column":44}},"51":{"start":{"line":109,"column":22},"end":{"line":109,"column":38}},"52":{"start":{"line":110,"column":8},"end":{"line":120,"column":9}},"53":{"start":{"line":111,"column":31},"end":{"line":118,"column":12}},"54":{"start":{"line":112,"column":33},"end":{"line":112,"column":67}},"55":{"start":{"line":113,"column":25},"end":{"line":113,"column":44}},"56":{"start":{"line":114,"column":12},"end":{"line":116,"column":13}},"57":{"start":{"line":115,"column":14},"end":{"line":115,"column":103}},"58":{"start":{"line":117,"column":12},"end":{"line":117,"column":49}},"59":{"start":{"line":119,"column":10},"end":{"line":119,"column":56}},"60":{"start":{"line":122,"column":8},"end":{"line":122,"column":69}},"61":{"start":{"line":126,"column":4},"end":{"line":126,"column":27}},"62":{"start":{"line":136,"column":18},"end":{"line":136,"column":51}},"63":{"start":{"line":137,"column":13},"end":{"line":137,"column":40}},"64":{"start":{"line":138,"column":2},"end":{"line":141,"column":3}},"65":{"start":{"line":139,"column":4},"end":{"line":139,"column":47}},"66":{"start":{"line":140,"column":4},"end":{"line":140,"column":64}},"67":{"start":{"line":142,"column":15},"end":{"line":142,"column":36}},"68":{"start":{"line":143,"column":2},"end":{"line":143,"column":44}},"69":{"start":{"line":144,"column":2},"end":{"line":144,"column":14}},"70":{"start":{"line":156,"column":26},"end":{"line":156,"column":73}},"71":{"start":{"line":157,"column":25},"end":{"line":157,"column":52}},"72":{"start":{"line":159,"column":2},"end":{"line":161,"column":3}},"73":{"start":{"line":160,"column":4},"end":{"line":160,"column":54}},"74":{"start":{"line":163,"column":23},"end":{"line":163,"column":25}},"75":{"start":{"line":164,"column":2},"end":{"line":170,"column":3}},"76":{"start":{"line":165,"column":4},"end":{"line":167,"column":28}},"77":{"start":{"line":166,"column":6},"end":{"line":166,"column":65}},"78":{"start":{"line":168,"column":9},"end":{"line":170,"column":3}},"79":{"start":{"line":169,"column":4},"end":{"line":169,"column":31}},"80":{"start":{"line":171,"column":21},"end":{"line":171,"column":73}},"81":{"start":{"line":172,"column":20},"end":{"line":172,"column":90}},"82":{"start":{"line":174,"column":2},"end":{"line":184,"column":3}},"83":{"start":{"line":175,"column":4},"end":{"line":183,"column":5}},"84":{"start":{"line":176,"column":27},"end":{"line":176,"column":73}},"85":{"start":{"line":177,"column":6},"end":{"line":179,"column":7}},"86":{"start":{"line":178,"column":8},"end":{"line":178,"column":49}},"87":{"start":{"line":182,"column":6},"end":{"line":182,"column":48}},"88":{"start":{"line":182,"column":12},"end":{"line":182,"column":37}},"89":{"start":{"line":186,"column":17},"end":{"line":186,"column":47}},"90":{"start":{"line":187,"column":2},"end":{"line":189,"column":12}},"91":{"start":{"line":188,"column":4},"end":{"line":188,"column":73}},"92":{"start":{"line":190,"column":2},"end":{"line":190,"column":38}}},"fnMap":{"0":{"name":"(anonymous_0)","decl":{"start":{"line":12,"column":2},"end":{"line":12,"column":3}},"loc":{"start":{"line":12,"column":28},"end":{"line":14,"column":3}},"line":12},"1":{"name":"(anonymous_1)","decl":{"start":{"line":16,"column":2},"end":{"line":16,"column":3}},"loc":{"start":{"line":16,"column":25},"end":{"line":26,"column":3}},"line":16},"2":{"name":"(anonymous_2)","decl":{"start":{"line":28,"column":2},"end":{"line":28,"column":3}},"loc":{"start":{"line":28,"column":28},"end":{"line":80,"column":3}},"line":28},"3":{"name":"(anonymous_3)","decl":{"start":{"line":82,"column":2},"end":{"line":82,"column":3}},"loc":{"start":{"line":82,"column":23},"end":{"line":127,"column":3}},"line":82},"4":{"name":"(anonymous_4)","decl":{"start":{"line":111,"column":51},"end":{"line":111,"column":52}},"loc":{"start":{"line":111,"column":56},"end":{"line":118,"column":11}},"line":111},"5":{"name":"calculateFileHash","decl":{"start":{"line":135,"column":9},"end":{"line":135,"column":26}},"loc":{"start":{"line":135,"column":37},"end":{"line":145,"column":1}},"line":135},"6":{"name":"validateConfigWithCache","decl":{"start":{"line":155,"column":9},"end":{"line":155,"column":32}},"loc":{"start":{"line":155,"column":116},"end":{"line":191,"column":1}},"line":155}},"branchMap":{"0":{"loc":{"start":{"line":12,"column":14},"end":{"line":12,"column":26}},"type":"default-arg","locations":[{"start":{"line":12,"column":24},"end":{"line":12,"column":26}}],"line":12},"1":{"loc":{"start":{"line":13,"column":22},"end":{"line":13,"column":48}},"type":"binary-expr","locations":[{"start":{"line":13,"column":22},"end":{"line":13,"column":40}},{"start":{"line":13,"column":44},"end":{"line":13,"column":48}}],"line":13},"2":{"loc":{"start":{"line":17,"column":4},"end":{"line":19,"column":5}},"type":"if","locations":[{"start":{"line":17,"column":4},"end":{"line":19,"column":5}},{"start":{},"end":{}}],"line":17},"3":{"loc":{"start":{"line":31,"column":4},"end":{"line":33,"column":5}},"type":"if","locations":[{"start":{"line":31,"column":4},"end":{"line":33,"column":5}},{"start":{},"end":{}}],"line":31},"4":{"loc":{"start":{"line":31,"column":8},"end":{"line":31,"column":61}},"type":"binary-expr","locations":[{"start":{"line":31,"column":8},"end":{"line":31,"column":23}},{"start":{"line":31,"column":27},"end":{"line":31,"column":61}}],"line":31},"5":{"loc":{"start":{"line":34,"column":4},"end":{"line":36,"column":5}},"type":"if","locations":[{"start":{"line":34,"column":4},"end":{"line":36,"column":5}},{"start":{},"end":{}}],"line":34},"6":{"loc":{"start":{"line":34,"column":8},"end":{"line":34,"column":61}},"type":"binary-expr","locations":[{"start":{"line":34,"column":8},"end":{"line":34,"column":23}},{"start":{"line":34,"column":27},"end":{"line":34,"column":61}}],"line":34},"7":{"loc":{"start":{"line":37,"column":4},"end":{"line":39,"column":5}},"type":"if","locations":[{"start":{"line":37,"column":4},"end":{"line":39,"column":5}},{"start":{},"end":{}}],"line":37},"8":{"loc":{"start":{"line":37,"column":8},"end":{"line":37,"column":63}},"type":"binary-expr","locations":[{"start":{"line":37,"column":8},"end":{"line":37,"column":24}},{"start":{"line":37,"column":28},"end":{"line":37,"column":63}}],"line":37},"9":{"loc":{"start":{"line":41,"column":4},"end":{"line":50,"column":5}},"type":"if","locations":[{"start":{"line":41,"column":4},"end":{"line":50,"column":5}},{"start":{},"end":{}}],"line":41},"10":{"loc":{"start":{"line":43,"column":8},"end":{"line":45,"column":9}},"type":"if","locations":[{"start":{"line":43,"column":8},"end":{"line":45,"column":9}},{"start":{},"end":{}}],"line":43},"11":{"loc":{"start":{"line":46,"column":8},"end":{"line":48,"column":9}},"type":"if","locations":[{"start":{"line":46,"column":8},"end":{"line":48,"column":9}},{"start":{},"end":{}}],"line":46},"12":{"loc":{"start":{"line":46,"column":12},"end":{"line":46,"column":40}},"type":"binary-expr","locations":[{"start":{"line":46,"column":12},"end":{"line":46,"column":26}},{"start":{"line":46,"column":30},"end":{"line":46,"column":40}}],"line":46},"13":{"loc":{"start":{"line":52,"column":4},"end":{"line":61,"column":5}},"type":"if","locations":[{"start":{"line":52,"column":4},"end":{"line":61,"column":5}},{"start":{},"end":{}}],"line":52},"14":{"loc":{"start":{"line":54,"column":8},"end":{"line":56,"column":9}},"type":"if","locations":[{"start":{"line":54,"column":8},"end":{"line":56,"column":9}},{"start":{},"end":{}}],"line":54},"15":{"loc":{"start":{"line":57,"column":8},"end":{"line":59,"column":9}},"type":"if","locations":[{"start":{"line":57,"column":8},"end":{"line":59,"column":9}},{"start":{},"end":{}}],"line":57},"16":{"loc":{"start":{"line":57,"column":12},"end":{"line":57,"column":40}},"type":"binary-expr","locations":[{"start":{"line":57,"column":12},"end":{"line":57,"column":26}},{"start":{"line":57,"column":30},"end":{"line":57,"column":40}}],"line":57},"17":{"loc":{"start":{"line":63,"column":4},"end":{"line":77,"column":5}},"type":"if","locations":[{"start":{"line":63,"column":4},"end":{"line":77,"column":5}},{"start":{},"end":{}}],"line":63},"18":{"loc":{"start":{"line":65,"column":8},"end":{"line":67,"column":9}},"type":"if","locations":[{"start":{"line":65,"column":8},"end":{"line":67,"column":9}},{"start":{},"end":{}}],"line":65},"19":{"loc":{"start":{"line":68,"column":8},"end":{"line":75,"column":9}},"type":"if","locations":[{"start":{"line":68,"column":8},"end":{"line":75,"column":9}},{"start":{},"end":{}}],"line":68},"20":{"loc":{"start":{"line":69,"column":10},"end":{"line":71,"column":11}},"type":"if","locations":[{"start":{"line":69,"column":10},"end":{"line":71,"column":11}},{"start":{},"end":{}}],"line":69},"21":{"loc":{"start":{"line":69,"column":14},"end":{"line":69,"column":97}},"type":"binary-expr","locations":[{"start":{"line":69,"column":14},"end":{"line":69,"column":44}},{"start":{"line":69,"column":48},"end":{"line":69,"column":97}}],"line":69},"22":{"loc":{"start":{"line":72,"column":10},"end":{"line":74,"column":11}},"type":"if","locations":[{"start":{"line":72,"column":10},"end":{"line":74,"column":11}},{"start":{},"end":{}}],"line":72},"23":{"loc":{"start":{"line":72,"column":14},"end":{"line":72,"column":97}},"type":"binary-expr","locations":[{"start":{"line":72,"column":14},"end":{"line":72,"column":44}},{"start":{"line":72,"column":48},"end":{"line":72,"column":97}}],"line":72},"24":{"loc":{"start":{"line":84,"column":4},"end":{"line":86,"column":5}},"type":"if","locations":[{"start":{"line":84,"column":4},"end":{"line":86,"column":5}},{"start":{},"end":{}}],"line":84},"25":{"loc":{"start":{"line":90,"column":4},"end":{"line":92,"column":5}},"type":"if","locations":[{"start":{"line":90,"column":4},"end":{"line":92,"column":5}},{"start":{},"end":{}}],"line":90},"26":{"loc":{"start":{"line":96,"column":4},"end":{"line":124,"column":5}},"type":"if","locations":[{"start":{"line":96,"column":4},"end":{"line":124,"column":5}},{"start":{},"end":{}}],"line":96},"27":{"loc":{"start":{"line":97,"column":6},"end":{"line":99,"column":7}},"type":"if","locations":[{"start":{"line":97,"column":6},"end":{"line":99,"column":7}},{"start":{},"end":{}}],"line":97},"28":{"loc":{"start":{"line":110,"column":8},"end":{"line":120,"column":9}},"type":"if","locations":[{"start":{"line":110,"column":8},"end":{"line":120,"column":9}},{"start":{},"end":{}}],"line":110},"29":{"loc":{"start":{"line":110,"column":12},"end":{"line":110,"column":63}},"type":"binary-expr","locations":[{"start":{"line":110,"column":12},"end":{"line":110,"column":18}},{"start":{"line":110,"column":22},"end":{"line":110,"column":37}},{"start":{"line":110,"column":41},"end":{"line":110,"column":63}}],"line":110},"30":{"loc":{"start":{"line":112,"column":33},"end":{"line":112,"column":67}},"type":"binary-expr","locations":[{"start":{"line":112,"column":33},"end":{"line":112,"column":47}},{"start":{"line":112,"column":51},"end":{"line":112,"column":61}},{"start":{"line":112,"column":65},"end":{"line":112,"column":67}}],"line":112},"31":{"loc":{"start":{"line":113,"column":25},"end":{"line":113,"column":44}},"type":"binary-expr","locations":[{"start":{"line":113,"column":25},"end":{"line":113,"column":37}},{"start":{"line":113,"column":41},"end":{"line":113,"column":44}}],"line":113},"32":{"loc":{"start":{"line":114,"column":12},"end":{"line":116,"column":13}},"type":"if","locations":[{"start":{"line":114,"column":12},"end":{"line":116,"column":13}},{"start":{},"end":{}}],"line":114},"33":{"loc":{"start":{"line":114,"column":16},"end":{"line":114,"column":95}},"type":"binary-expr","locations":[{"start":{"line":114,"column":16},"end":{"line":114,"column":52}},{"start":{"line":114,"column":56},"end":{"line":114,"column":64}},{"start":{"line":114,"column":68},"end":{"line":114,"column":95}}],"line":114},"34":{"loc":{"start":{"line":138,"column":2},"end":{"line":141,"column":3}},"type":"if","locations":[{"start":{"line":138,"column":2},"end":{"line":141,"column":3}},{"start":{},"end":{}}],"line":138},"35":{"loc":{"start":{"line":155,"column":67},"end":{"line":155,"column":114}},"type":"default-arg","locations":[{"start":{"line":155,"column":79},"end":{"line":155,"column":114}}],"line":155},"36":{"loc":{"start":{"line":156,"column":26},"end":{"line":156,"column":73}},"type":"binary-expr","locations":[{"start":{"line":156,"column":26},"end":{"line":156,"column":44}},{"start":{"line":156,"column":48},"end":{"line":156,"column":63}},{"start":{"line":156,"column":67},"end":{"line":156,"column":73}}],"line":156},"37":{"loc":{"start":{"line":157,"column":25},"end":{"line":157,"column":52}},"type":"binary-expr","locations":[{"start":{"line":157,"column":25},"end":{"line":157,"column":33}},{"start":{"line":157,"column":37},"end":{"line":157,"column":52}}],"line":157},"38":{"loc":{"start":{"line":159,"column":2},"end":{"line":161,"column":3}},"type":"if","locations":[{"start":{"line":159,"column":2},"end":{"line":161,"column":3}},{"start":{},"end":{}}],"line":159},"39":{"loc":{"start":{"line":164,"column":2},"end":{"line":170,"column":3}},"type":"if","locations":[{"start":{"line":164,"column":2},"end":{"line":170,"column":3}},{"start":{"line":168,"column":9},"end":{"line":170,"column":3}}],"line":164},"40":{"loc":{"start":{"line":164,"column":6},"end":{"line":164,"column":45}},"type":"binary-expr","locations":[{"start":{"line":164,"column":6},"end":{"line":164,"column":16}},{"start":{"line":164,"column":20},"end":{"line":164,"column":45}}],"line":164},"41":{"loc":{"start":{"line":168,"column":9},"end":{"line":170,"column":3}},"type":"if","locations":[{"start":{"line":168,"column":9},"end":{"line":170,"column":3}},{"start":{},"end":{}}],"line":168},"42":{"loc":{"start":{"line":174,"column":2},"end":{"line":184,"column":3}},"type":"if","locations":[{"start":{"line":174,"column":2},"end":{"line":184,"column":3}},{"start":{},"end":{}}],"line":174},"43":{"loc":{"start":{"line":177,"column":6},"end":{"line":179,"column":7}},"type":"if","locations":[{"start":{"line":177,"column":6},"end":{"line":179,"column":7}},{"start":{},"end":{}}],"line":177},"44":{"loc":{"start":{"line":177,"column":10},"end":{"line":177,"column":65}},"type":"binary-expr","locations":[{"start":{"line":177,"column":10},"end":{"line":177,"column":22}},{"start":{"line":177,"column":26},"end":{"line":177,"column":65}}],"line":177}},"s":{"0":50,"1":46,"2":3,"3":43,"4":43,"5":43,"6":3,"7":40,"8":40,"9":0,"10":40,"11":1,"12":40,"13":1,"14":40,"15":40,"16":39,"17":1,"18":39,"19":4,"20":40,"21":39,"22":36,"23":1,"24":36,"25":0,"26":40,"27":39,"28":39,"29":3,"30":39,"31":36,"32":1,"33":36,"34":0,"35":40,"36":46,"37":46,"38":6,"39":40,"40":40,"41":8,"42":32,"43":32,"44":14,"45":1,"46":13,"47":13,"48":13,"49":13,"50":13,"51":13,"52":13,"53":4,"54":6,"55":6,"56":6,"57":3,"58":3,"59":4,"60":0,"61":27,"62":44,"63":44,"64":44,"65":44,"66":44,"67":44,"68":44,"69":44,"70":23,"71":23,"72":23,"73":9,"74":23,"75":23,"76":7,"77":7,"78":16,"79":1,"80":23,"81":23,"82":23,"83":4,"84":4,"85":4,"86":4,"87":0,"88":0,"89":19,"90":19,"91":19,"92":19},"f":{"0":50,"1":46,"2":40,"3":46,"4":6,"5":44,"6":23},"b":{"0":[4],"1":[50,27],"2":[3,43],"3":[0,40],"4":[40,40],"5":[1,39],"6":[40,39],"7":[1,39],"8":[40,39],"9":[40,0],"10":[1,38],"11":[4,35],"12":[39,27],"13":[39,1],"14":[1,35],"15":[0,36],"16":[36,0],"17":[39,1],"18":[3,36],"19":[36,3],"20":[1,35],"21":[36,35],"22":[0,36],"23":[36,36],"24":[6,40],"25":[8,32],"26":[14,18],"27":[1,13],"28":[4,9],"29":[13,4,4],"30":[6,1,1],"31":[6,1],"32":[3,3],"33":[6,3,3],"34":[44,0],"35":[2],"36":[23,23,23],"37":[23,4],"38":[9,14],"39":[7,16],"40":[23,8],"41":[1,15],"42":[4,19],"43":[4,0],"44":[4,4]},"inputSourceMap":null,"_coverageSchema":"1a1c01bbd47fc00a2c39e90264f33305004495a9","hash":"8ea911ea3fab76350088af99a772e33175cbcaef"}
,"/home/runner/work/foundryvtt-dev-pod/foundryvtt-dev-pod/helpers/pathUtils.js": {"path":"/home/runner/work/foundryvtt-dev-pod/foundryvtt-dev-pod/helpers/pathUtils.js","statementMap":{"0":{"start":{"line":13,"column":18},"end":{"line":29,"column":1}},"1":{"start":{"line":22,"column":4},"end":{"line":22,"column":48}},"2":{"start":{"line":22,"column":35},"end":{"line":22,"column":48}},"3":{"start":{"line":23,"column":4},"end":{"line":25,"column":5}},"4":{"start":{"line":24,"column":6},"end":{"line":24,"column":19}},"5":{"start":{"line":26,"column":17},"end":{"line":26,"column":110}},"6":{"start":{"line":27,"column":4},"end":{"line":27,"column":37}}},"fnMap":{"0":{"name":"(anonymous_0)","decl":{"start":{"line":21,"column":2},"end":{"line":21,"column":3}},"loc":{"start":{"line":21,"column":38},"end":{"line":28,"column":3}},"line":21}},"branchMap":{"0":{"loc":{"start":{"line":22,"column":4},"end":{"line":22,"column":48}},"type":"if","locations":[{"start":{"line":22,"column":4},"end":{"line":22,"column":48}},{"start":{},"end":{}}],"line":22},"1":{"loc":{"start":{"line":23,"column":4},"end":{"line":25,"column":5}},"type":"if","locations":[{"start":{"line":23,"column":4},"end":{"line":25,"column":5}},{"start":{},"end":{}}],"line":23},"2":{"loc":{"start":{"line":23,"column":8},"end":{"line":23,"column":60}},"type":"binary-expr","locations":[{"start":{"line":23,"column":8},"end":{"line":23,"column":29}},{"start":{"line":23,"column":33},"end":{"line":23,"column":60}}],"line":23},"3":{"loc":{"start":{"line":26,"column":17},"end":{"line":26,"column":110}},"type":"binary-expr","locations":[{"start":{"line":26,"column":18},"end":{"line":26,"column":33}},{"start":{"line":26,"column":38},"end":{"line":26,"column":63}},{"start":{"line":26,"column":67},"end":{"line":26,"column":91}},{"start":{"line":26,"column":97},"end":{"line":26,"column":110}}],"line":26}},"s":{"0":6,"1":8,"2":3,"3":5,"4":2,"5":3,"6":3},"f":{"0":8},"b":{"0":[3,5],"1":[2,3],"2":[5,4],"3":[3,3,2,1]},"inputSourceMap":null,"_coverageSchema":"1a1c01bbd47fc00a2c39e90264f33305004495a9","hash":"03bf879f7d10e10e1f27ef1dcc63461924992880"}
,"/home/runner/work/foundryvtt-dev-pod/foundryvtt-dev-pod/patches/common/helpers/argvParser.mjs": {"path":"/home/runner/work/foundryvtt-dev-pod/foundryvtt-dev-pod/patches/common/helpers/argvParser.mjs","statementMap":{"0":{"start":{"line":23,"column":14},"end":{"line":23,"column":35}},"1":{"start":{"line":24,"column":16},"end":{"line":27,"column":2}},"2":{"start":{"line":25,"column":12},"end":{"line":25,"column":30}},"3":{"start":{"line":26,"column":2},"end":{"line":26,"column":42}},"4":{"start":{"line":28,"column":17},"end":{"line":28,"column":63}},"5":{"start":{"line":29,"column":19},"end":{"line":29,"column":56}},"6":{"start":{"line":30,"column":1},"end":{"line":30,"column":43}}},"fnMap":{"0":{"name":"parsePatchArgs","decl":{"start":{"line":22,"column":16},"end":{"line":22,"column":30}},"loc":{"start":{"line":22,"column":76},"end":{"line":31,"column":1}},"line":22},"1":{"name":"(anonymous_1)","decl":{"start":{"line":24,"column":16},"end":{"line":24,"column":17}},"loc":{"start":{"line":24,"column":26},"end":{"line":27,"column":2}},"line":24}},"branchMap":{"0":{"loc":{"start":{"line":22,"column":31},"end":{"line":22,"column":51}},"type":"default-arg","locations":[{"start":{"line":22,"column":47},"end":{"line":22,"column":51}}],"line":22},"1":{"loc":{"start":{"line":22,"column":53},"end":{"line":22,"column":74}},"type":"default-arg","locations":[{"start":{"line":22,"column":67},"end":{"line":22,"column":74}}],"line":22},"2":{"loc":{"start":{"line":26,"column":9},"end":{"line":26,"column":41}},"type":"cond-expr","locations":[{"start":{"line":26,"column":18},"end":{"line":26,"column":29}},{"start":{"line":26,"column":32},"end":{"line":26,"column":41}}],"line":26},"3":{"loc":{"start":{"line":28,"column":17},"end":{"line":28,"column":63}},"type":"binary-expr","locations":[{"start":{"line":28,"column":17},"end":{"line":28,"column":46}},{"start":{"line":28,"column":50},"end":{"line":28,"column":63}}],"line":28},"4":{"loc":{"start":{"line":29,"column":19},"end":{"line":29,"column":56}},"type":"binary-expr","locations":[{"start":{"line":29,"column":19},"end":{"line":29,"column":41}},{"start":{"line":29,"column":45},"end":{"line":29,"column":56}}],"line":29}},"s":{"0":5,"1":5,"2":10,"3":10,"4":5,"5":5,"6":5},"f":{"0":5,"1":10},"b":{"0":[0],"1":[0],"2":[5,5],"3":[5,3],"4":[5,3]},"inputSourceMap":null,"_coverageSchema":"1a1c01bbd47fc00a2c39e90264f33305004495a9","hash":"c3b9cc588655659ee76c1318c732afb86477c36c"}
,"/home/runner/work/foundryvtt-dev-pod/foundryvtt-dev-pod/patches/common/helpers/cache.mjs": {"path":"/home/runner/work/foundryvtt-dev-pod/foundryvtt-dev-pod/patches/common/helpers/cache.mjs","statementMap":{"0":{"start":{"line":16,"column":30},"end":{"line":16,"column":94}},"1":{"start":{"line":16,"column":55},"end":{"line":16,"column":94}},"2":{"start":{"line":25,"column":14},"end":{"line":25,"column":41}},"3":{"start":{"line":26,"column":14},"end":{"line":26,"column":39}},"4":{"start":{"line":27,"column":1},"end":{"line":27,"column":19}},"5":{"start":{"line":28,"column":1},"end":{"line":28,"column":27}},"6":{"start":{"line":46,"column":1},"end":{"line":81,"column":2}},"7":{"start":{"line":46,"column":20},"end":{"line":46,"column":21}},"8":{"start":{"line":47,"column":2},"end":{"line":80,"column":3}},"9":{"start":{"line":48,"column":20},"end":{"line":48,"column":23}},"10":{"start":{"line":49,"column":19},"end":{"line":49,"column":20}},"11":{"start":{"line":50,"column":3},"end":{"line":71,"column":4}},"12":{"start":{"line":51,"column":16},"end":{"line":51,"column":62}},"13":{"start":{"line":52,"column":16},"end":{"line":61,"column":6}},"14":{"start":{"line":53,"column":17},"end":{"line":56,"column":7}},"15":{"start":{"line":54,"column":6},"end":{"line":54,"column":145}},"16":{"start":{"line":54,"column":12},"end":{"line":54,"column":134}},"17":{"start":{"line":54,"column":47},"end":{"line":54,"column":130}},"18":{"start":{"line":55,"column":6},"end":{"line":55,"column":20}},"19":{"start":{"line":57,"column":5},"end":{"line":57,"column":141}},"20":{"start":{"line":57,"column":11},"end":{"line":57,"column":130}},"21":{"start":{"line":57,"column":45},"end":{"line":57,"column":126}},"22":{"start":{"line":58,"column":5},"end":{"line":58,"column":29}},"23":{"start":{"line":59,"column":5},"end":{"line":59,"column":41}},"24":{"start":{"line":59,"column":20},"end":{"line":59,"column":41}},"25":{"start":{"line":60,"column":5},"end":{"line":60,"column":15}},"26":{"start":{"line":62,"column":19},"end":{"line":62,"column":38}},"27":{"start":{"line":63,"column":4},"end":{"line":69,"column":5}},"28":{"start":{"line":64,"column":17},"end":{"line":64,"column":78}},"29":{"start":{"line":65,"column":5},"end":{"line":65,"column":26}},"30":{"start":{"line":65,"column":15},"end":{"line":65,"column":26}},"31":{"start":{"line":66,"column":21},"end":{"line":66,"column":56}},"32":{"start":{"line":67,"column":5},"end":{"line":67,"column":78}},"33":{"start":{"line":67,"column":16},"end":{"line":67,"column":78}},"34":{"start":{"line":68,"column":5},"end":{"line":68,"column":26}},"35":{"start":{"line":68,"column":27},"end":{"line":68,"column":39}},"36":{"start":{"line":68,"column":40},"end":{"line":68,"column":49}},"37":{"start":{"line":70,"column":4},"end":{"line":70,"column":15}},"38":{"start":{"line":72,"column":3},"end":{"line":72,"column":52}},"39":{"start":{"line":74,"column":3},"end":{"line":74,"column":15}},"40":{"start":{"line":75,"column":3},"end":{"line":79,"column":4}},"41":{"start":{"line":76,"column":18},"end":{"line":76,"column":86}},"42":{"start":{"line":77,"column":4},"end":{"line":77,"column":122}},"43":{"start":{"line":77,"column":15},"end":{"line":77,"column":122}},"44":{"start":{"line":78,"column":4},"end":{"line":78,"column":56}},"45":{"start":{"line":78,"column":31},"end":{"line":78,"column":52}},"46":{"start":{"line":82,"column":1},"end":{"line":82,"column":15}},"47":{"start":{"line":85,"column":24},"end":{"line":85,"column":83}},"48":{"start":{"line":95,"column":18},"end":{"line":95,"column":66}},"49":{"start":{"line":96,"column":1},"end":{"line":96,"column":118}},"50":{"start":{"line":96,"column":32},"end":{"line":96,"column":116}},"51":{"start":{"line":96,"column":38},"end":{"line":96,"column":91}},"52":{"start":{"line":96,"column":102},"end":{"line":96,"column":114}},"53":{"start":{"line":97,"column":1},"end":{"line":97,"column":13}},"54":{"start":{"line":101,"column":18},"end":{"line":101,"column":66}},"55":{"start":{"line":102,"column":1},"end":{"line":102,"column":118}},"56":{"start":{"line":102,"column":32},"end":{"line":102,"column":116}},"57":{"start":{"line":102,"column":38},"end":{"line":102,"column":91}},"58":{"start":{"line":102,"column":102},"end":{"line":102,"column":114}},"59":{"start":{"line":103,"column":1},"end":{"line":103,"column":13}},"60":{"start":{"line":107,"column":1},"end":{"line":107,"column":25}},"61":{"start":{"line":108,"column":18},"end":{"line":108,"column":66}},"62":{"start":{"line":109,"column":13},"end":{"line":109,"column":31}},"63":{"start":{"line":110,"column":1},"end":{"line":110,"column":54}},"64":{"start":{"line":111,"column":1},"end":{"line":111,"column":30}},"65":{"start":{"line":127,"column":1},"end":{"line":127,"column":25}},"66":{"start":{"line":128,"column":14},"end":{"line":128,"column":26}},"67":{"start":{"line":129,"column":18},"end":{"line":129,"column":52}},"68":{"start":{"line":130,"column":17},"end":{"line":130,"column":19}},"69":{"start":{"line":131,"column":1},"end":{"line":136,"column":2}},"70":{"start":{"line":132,"column":2},"end":{"line":132,"column":63}},"71":{"start":{"line":132,"column":22},"end":{"line":132,"column":63}},"72":{"start":{"line":133,"column":2},"end":{"line":133,"column":83}},"73":{"start":{"line":133,"column":30},"end":{"line":133,"column":83}},"74":{"start":{"line":134,"column":8},"end":{"line":136,"column":2}},"75":{"start":{"line":135,"column":2},"end":{"line":135,"column":79}},"76":{"start":{"line":138,"column":1},"end":{"line":141,"column":2}},"77":{"start":{"line":139,"column":2},"end":{"line":139,"column":113}},"78":{"start":{"line":139,"column":13},"end":{"line":139,"column":113}},"79":{"start":{"line":140,"column":2},"end":{"line":140,"column":133}},"80":{"start":{"line":143,"column":14},"end":{"line":143,"column":126}},"81":{"start":{"line":144,"column":1},"end":{"line":147,"column":2}},"82":{"start":{"line":145,"column":2},"end":{"line":145,"column":96}},"83":{"start":{"line":145,"column":13},"end":{"line":145,"column":96}},"84":{"start":{"line":146,"column":2},"end":{"line":146,"column":133}},"85":{"start":{"line":148,"column":1},"end":{"line":150,"column":2}},"86":{"start":{"line":149,"column":2},"end":{"line":149,"column":73}},"87":{"start":{"line":151,"column":1},"end":{"line":154,"column":2}},"88":{"start":{"line":152,"column":2},"end":{"line":152,"column":89}},"89":{"start":{"line":152,"column":13},"end":{"line":152,"column":89}},"90":{"start":{"line":153,"column":2},"end":{"line":153,"column":74}},"91":{"start":{"line":156,"column":17},"end":{"line":156,"column":35}},"92":{"start":{"line":157,"column":1},"end":{"line":165,"column":4}},"93":{"start":{"line":158,"column":14},"end":{"line":158,"column":43}},"94":{"start":{"line":159,"column":17},"end":{"line":159,"column":22}},"95":{"start":{"line":160,"column":20},"end":{"line":160,"column":212}},"96":{"start":{"line":160,"column":39},"end":{"line":160,"column":202}},"97":{"start":{"line":160,"column":56},"end":{"line":160,"column":127}},"98":{"start":{"line":160,"column":62},"end":{"line":160,"column":116}},"99":{"start":{"line":160,"column":128},"end":{"line":160,"column":200}},"100":{"start":{"line":160,"column":134},"end":{"line":160,"column":189}},"101":{"start":{"line":161,"column":2},"end":{"line":161,"column":27}},"102":{"start":{"line":162,"column":2},"end":{"line":162,"column":83}},"103":{"start":{"line":162,"column":27},"end":{"line":162,"column":43}},"104":{"start":{"line":162,"column":44},"end":{"line":162,"column":68}},"105":{"start":{"line":162,"column":69},"end":{"line":162,"column":79}},"106":{"start":{"line":163,"column":2},"end":{"line":163,"column":83}},"107":{"start":{"line":163,"column":27},"end":{"line":163,"column":43}},"108":{"start":{"line":163,"column":44},"end":{"line":163,"column":68}},"109":{"start":{"line":163,"column":69},"end":{"line":163,"column":79}},"110":{"start":{"line":164,"column":2},"end":{"line":164,"column":17}},"111":{"start":{"line":166,"column":1},"end":{"line":166,"column":34}},"112":{"start":{"line":168,"column":14},"end":{"line":168,"column":32}},"113":{"start":{"line":169,"column":22},"end":{"line":169,"column":53}},"114":{"start":{"line":170,"column":14},"end":{"line":170,"column":105}},"115":{"start":{"line":171,"column":1},"end":{"line":171,"column":38}},"116":{"start":{"line":173,"column":1},"end":{"line":173,"column":93}},"117":{"start":{"line":182,"column":2},"end":{"line":182,"column":27}},"118":{"start":{"line":183,"column":2},"end":{"line":183,"column":23}},"119":{"start":{"line":184,"column":2},"end":{"line":184,"column":21}},"120":{"start":{"line":185,"column":2},"end":{"line":185,"column":29}},"121":{"start":{"line":186,"column":2},"end":{"line":186,"column":35}},"122":{"start":{"line":187,"column":2},"end":{"line":187,"column":55}},"123":{"start":{"line":188,"column":2},"end":{"line":188,"column":33}},"124":{"start":{"line":189,"column":2},"end":{"line":189,"column":26}},"125":{"start":{"line":191,"column":23},"end":{"line":191,"column":65}},"126":{"start":{"line":192,"column":30},"end":{"line":192,"column":79}},"127":{"start":{"line":193,"column":23},"end":{"line":193,"column":65}},"128":{"start":{"line":194,"column":48},"end":{"line":194,"column":72}},"129":{"start":{"line":194,"column":74},"end":{"line":194,"column":199}},"130":{"start":{"line":195,"column":12},"end":{"line":195,"column":47}},"131":{"start":{"line":197,"column":2},"end":{"line":197,"column":76}},"132":{"start":{"line":197,"column":32},"end":{"line":197,"column":76}},"133":{"start":{"line":198,"column":15},"end":{"line":198,"column":36}},"134":{"start":{"line":199,"column":14},"end":{"line":199,"column":34}},"135":{"start":{"line":200,"column":15},"end":{"line":200,"column":39}},"136":{"start":{"line":201,"column":23},"end":{"line":201,"column":88}},"137":{"start":{"line":202,"column":25},"end":{"line":202,"column":148}},"138":{"start":{"line":203,"column":2},"end":{"line":203,"column":86}},"139":{"start":{"line":203,"column":54},"end":{"line":203,"column":86}},"140":{"start":{"line":204,"column":2},"end":{"line":204,"column":171}},"141":{"start":{"line":204,"column":41},"end":{"line":204,"column":83}},"142":{"start":{"line":204,"column":85},"end":{"line":204,"column":120}},"143":{"start":{"line":204,"column":121},"end":{"line":204,"column":169}},"144":{"start":{"line":205,"column":14},"end":{"line":205,"column":34}},"145":{"start":{"line":205,"column":52},"end":{"line":205,"column":80}},"146":{"start":{"line":205,"column":98},"end":{"line":205,"column":153}},"147":{"start":{"line":205,"column":155},"end":{"line":205,"column":190}},"148":{"start":{"line":205,"column":191},"end":{"line":205,"column":225}},"149":{"start":{"line":208,"column":18},"end":{"line":208,"column":62}},"150":{"start":{"line":209,"column":2},"end":{"line":214,"column":3}},"151":{"start":{"line":210,"column":16},"end":{"line":210,"column":38}},"152":{"start":{"line":210,"column":52},"end":{"line":210,"column":77}},"153":{"start":{"line":211,"column":3},"end":{"line":212,"column":147}},"154":{"start":{"line":211,"column":26},"end":{"line":211,"column":69}},"155":{"start":{"line":212,"column":8},"end":{"line":212,"column":147}},"156":{"start":{"line":212,"column":37},"end":{"line":212,"column":54}},"157":{"start":{"line":212,"column":56},"end":{"line":212,"column":110}},"158":{"start":{"line":212,"column":111},"end":{"line":212,"column":145}},"159":{"start":{"line":212,"column":138},"end":{"line":212,"column":145}},"160":{"start":{"line":213,"column":3},"end":{"line":213,"column":37}},"161":{"start":{"line":213,"column":30},"end":{"line":213,"column":37}},"162":{"start":{"line":217,"column":2},"end":{"line":217,"column":114}},"163":{"start":{"line":217,"column":70},"end":{"line":217,"column":114}},"164":{"start":{"line":218,"column":14},"end":{"line":218,"column":32}},"165":{"start":{"line":219,"column":15},"end":{"line":219,"column":45}},"166":{"start":{"line":220,"column":16},"end":{"line":220,"column":18}},"167":{"start":{"line":221,"column":2},"end":{"line":221,"column":61}},"168":{"start":{"line":222,"column":2},"end":{"line":222,"column":94}},"169":{"start":{"line":222,"column":41},"end":{"line":222,"column":92}},"170":{"start":{"line":223,"column":2},"end":{"line":223,"column":51}},"171":{"start":{"line":223,"column":23},"end":{"line":223,"column":49}},"172":{"start":{"line":224,"column":12},"end":{"line":224,"column":25}},"173":{"start":{"line":225,"column":2},"end":{"line":225,"column":71}},"174":{"start":{"line":225,"column":25},"end":{"line":225,"column":71}},"175":{"start":{"line":226,"column":20},"end":{"line":226,"column":35}},"176":{"start":{"line":227,"column":18},"end":{"line":227,"column":84}},"177":{"start":{"line":228,"column":18},"end":{"line":228,"column":70}},"178":{"start":{"line":229,"column":2},"end":{"line":229,"column":37}},"179":{"start":{"line":230,"column":2},"end":{"line":230,"column":36}}},"fnMap":{"0":{"name":"ensureDirSync","decl":{"start":{"line":16,"column":9},"end":{"line":16,"column":22}},"loc":{"start":{"line":16,"column":28},"end":{"line":16,"column":96}},"line":16},"1":{"name":"sha256File","decl":{"start":{"line":24,"column":16},"end":{"line":24,"column":26}},"loc":{"start":{"line":24,"column":37},"end":{"line":29,"column":1}},"line":24},"2":{"name":"fetchWithRetry","decl":{"start":{"line":44,"column":22},"end":{"line":44,"column":36}},"loc":{"start":{"line":44,"column":146},"end":{"line":83,"column":1}},"line":44},"3":{"name":"(anonymous_3)","decl":{"start":{"line":52,"column":34},"end":{"line":52,"column":35}},"loc":{"start":{"line":52,"column":55},"end":{"line":61,"column":5}},"line":52},"4":{"name":"(anonymous_4)","decl":{"start":{"line":53,"column":47},"end":{"line":53,"column":48}},"loc":{"start":{"line":53,"column":57},"end":{"line":56,"column":6}},"line":53},"5":{"name":"(anonymous_5)","decl":{"start":{"line":54,"column":39},"end":{"line":54,"column":40}},"loc":{"start":{"line":54,"column":45},"end":{"line":54,"column":132}},"line":54},"6":{"name":"(anonymous_6)","decl":{"start":{"line":57,"column":37},"end":{"line":57,"column":38}},"loc":{"start":{"line":57,"column":43},"end":{"line":57,"column":128}},"line":57},"7":{"name":"(anonymous_7)","decl":{"start":{"line":78,"column":22},"end":{"line":78,"column":23}},"loc":{"start":{"line":78,"column":29},"end":{"line":78,"column":54}},"line":78},"8":{"name":"keyHash","decl":{"start":{"line":85,"column":9},"end":{"line":85,"column":16}},"loc":{"start":{"line":85,"column":22},"end":{"line":85,"column":85}},"line":85},"9":{"name":"readMetaForUrl","decl":{"start":{"line":94,"column":16},"end":{"line":94,"column":30}},"loc":{"start":{"line":94,"column":46},"end":{"line":98,"column":1}},"line":94},"10":{"name":"readMetaForKey","decl":{"start":{"line":100,"column":9},"end":{"line":100,"column":23}},"loc":{"start":{"line":100,"column":39},"end":{"line":104,"column":1}},"line":100},"11":{"name":"writeMetaForKey","decl":{"start":{"line":106,"column":9},"end":{"line":106,"column":24}},"loc":{"start":{"line":106,"column":46},"end":{"line":112,"column":1}},"line":106},"12":{"name":"fetchToFileWithCache","decl":{"start":{"line":126,"column":22},"end":{"line":126,"column":42}},"loc":{"start":{"line":126,"column":134},"end":{"line":174,"column":1}},"line":126},"13":{"name":"(anonymous_13)","decl":{"start":{"line":157,"column":19},"end":{"line":157,"column":20}},"loc":{"start":{"line":157,"column":40},"end":{"line":165,"column":2}},"line":157},"14":{"name":"(anonymous_14)","decl":{"start":{"line":160,"column":31},"end":{"line":160,"column":32}},"loc":{"start":{"line":160,"column":37},"end":{"line":160,"column":204}},"line":160},"15":{"name":"(anonymous_15)","decl":{"start":{"line":162,"column":19},"end":{"line":162,"column":20}},"loc":{"start":{"line":162,"column":25},"end":{"line":162,"column":81}},"line":162},"16":{"name":"(anonymous_16)","decl":{"start":{"line":163,"column":18},"end":{"line":163,"column":19}},"loc":{"start":{"line":163,"column":25},"end":{"line":163,"column":81}},"line":163},"17":{"name":"(anonymous_17)","decl":{"start":{"line":181,"column":1},"end":{"line":181,"column":2}},"loc":{"start":{"line":181,"column":169},"end":{"line":190,"column":2}},"line":181},"18":{"name":"(anonymous_18)","decl":{"start":{"line":191,"column":1},"end":{"line":191,"column":2}},"loc":{"start":{"line":191,"column":21},"end":{"line":191,"column":67}},"line":191},"19":{"name":"(anonymous_19)","decl":{"start":{"line":192,"column":1},"end":{"line":192,"column":2}},"loc":{"start":{"line":192,"column":28},"end":{"line":192,"column":81}},"line":192},"20":{"name":"(anonymous_20)","decl":{"start":{"line":193,"column":1},"end":{"line":193,"column":2}},"loc":{"start":{"line":193,"column":21},"end":{"line":193,"column":67}},"line":193},"21":{"name":"(anonymous_21)","decl":{"start":{"line":194,"column":1},"end":{"line":194,"column":2}},"loc":{"start":{"line":194,"column":33},"end":{"line":194,"column":201}},"line":194},"22":{"name":"(anonymous_22)","decl":{"start":{"line":195,"column":1},"end":{"line":195,"column":2}},"loc":{"start":{"line":195,"column":10},"end":{"line":195,"column":49}},"line":195},"23":{"name":"(anonymous_23)","decl":{"start":{"line":196,"column":1},"end":{"line":196,"column":2}},"loc":{"start":{"line":196,"column":37},"end":{"line":206,"column":2}},"line":196},"24":{"name":"(anonymous_24)","decl":{"start":{"line":207,"column":1},"end":{"line":207,"column":2}},"loc":{"start":{"line":207,"column":38},"end":{"line":215,"column":2}},"line":207},"25":{"name":"(anonymous_25)","decl":{"start":{"line":216,"column":1},"end":{"line":216,"column":2}},"loc":{"start":{"line":216,"column":41},"end":{"line":231,"column":2}},"line":216},"26":{"name":"(anonymous_26)","decl":{"start":{"line":223,"column":13},"end":{"line":223,"column":14}},"loc":{"start":{"line":223,"column":23},"end":{"line":223,"column":49}},"line":223}},"branchMap":{"0":{"loc":{"start":{"line":16,"column":30},"end":{"line":16,"column":94}},"type":"if","locations":[{"start":{"line":16,"column":30},"end":{"line":16,"column":94}},{"start":{},"end":{}}],"line":16},"1":{"loc":{"start":{"line":44,"column":42},"end":{"line":44,"column":51}},"type":"default-arg","locations":[{"start":{"line":44,"column":49},"end":{"line":44,"column":51}}],"line":44},"2":{"loc":{"start":{"line":44,"column":53},"end":{"line":44,"column":144}},"type":"default-arg","locations":[{"start":{"line":44,"column":142},"end":{"line":44,"column":144}}],"line":44},"3":{"loc":{"start":{"line":44,"column":55},"end":{"line":44,"column":66}},"type":"default-arg","locations":[{"start":{"line":44,"column":65},"end":{"line":44,"column":66}}],"line":44},"4":{"loc":{"start":{"line":44,"column":68},"end":{"line":44,"column":85}},"type":"default-arg","locations":[{"start":{"line":44,"column":82},"end":{"line":44,"column":85}}],"line":44},"5":{"loc":{"start":{"line":44,"column":87},"end":{"line":44,"column":100}},"type":"default-arg","locations":[{"start":{"line":44,"column":95},"end":{"line":44,"column":100}}],"line":44},"6":{"loc":{"start":{"line":44,"column":102},"end":{"line":44,"column":118}},"type":"default-arg","locations":[{"start":{"line":44,"column":117},"end":{"line":44,"column":118}}],"line":44},"7":{"loc":{"start":{"line":44,"column":120},"end":{"line":44,"column":137}},"type":"default-arg","locations":[{"start":{"line":44,"column":132},"end":{"line":44,"column":137}}],"line":44},"8":{"loc":{"start":{"line":51,"column":16},"end":{"line":51,"column":62}},"type":"cond-expr","locations":[{"start":{"line":51,"column":50},"end":{"line":51,"column":55}},{"start":{"line":51,"column":58},"end":{"line":51,"column":62}}],"line":51},"9":{"loc":{"start":{"line":59,"column":5},"end":{"line":59,"column":41}},"type":"if","locations":[{"start":{"line":59,"column":5},"end":{"line":59,"column":41}},{"start":{},"end":{}}],"line":59},"10":{"loc":{"start":{"line":62,"column":19},"end":{"line":62,"column":38}},"type":"binary-expr","locations":[{"start":{"line":62,"column":19},"end":{"line":62,"column":33}},{"start":{"line":62,"column":37},"end":{"line":62,"column":38}}],"line":62},"11":{"loc":{"start":{"line":63,"column":4},"end":{"line":69,"column":5}},"type":"if","locations":[{"start":{"line":63,"column":4},"end":{"line":69,"column":5}},{"start":{},"end":{}}],"line":63},"12":{"loc":{"start":{"line":64,"column":17},"end":{"line":64,"column":78}},"type":"binary-expr","locations":[{"start":{"line":64,"column":17},"end":{"line":64,"column":28}},{"start":{"line":64,"column":33},"end":{"line":64,"column":53}},{"start":{"line":64,"column":57},"end":{"line":64,"column":77}}],"line":64},"13":{"loc":{"start":{"line":65,"column":5},"end":{"line":65,"column":26}},"type":"if","locations":[{"start":{"line":65,"column":5},"end":{"line":65,"column":26}},{"start":{},"end":{}}],"line":65},"14":{"loc":{"start":{"line":67,"column":5},"end":{"line":67,"column":78}},"type":"if","locations":[{"start":{"line":67,"column":5},"end":{"line":67,"column":78}},{"start":{},"end":{}}],"line":67},"15":{"loc":{"start":{"line":75,"column":3},"end":{"line":79,"column":4}},"type":"if","locations":[{"start":{"line":75,"column":3},"end":{"line":79,"column":4}},{"start":{},"end":{}}],"line":75},"16":{"loc":{"start":{"line":77,"column":4},"end":{"line":77,"column":122}},"type":"if","locations":[{"start":{"line":77,"column":4},"end":{"line":77,"column":122}},{"start":{},"end":{}}],"line":77},"17":{"loc":{"start":{"line":96,"column":1},"end":{"line":96,"column":118}},"type":"if","locations":[{"start":{"line":96,"column":1},"end":{"line":96,"column":118}},{"start":{},"end":{}}],"line":96},"18":{"loc":{"start":{"line":102,"column":1},"end":{"line":102,"column":118}},"type":"if","locations":[{"start":{"line":102,"column":1},"end":{"line":102,"column":118}},{"start":{},"end":{}}],"line":102},"19":{"loc":{"start":{"line":126,"column":58},"end":{"line":126,"column":122}},"type":"default-arg","locations":[{"start":{"line":126,"column":120},"end":{"line":126,"column":122}}],"line":126},"20":{"loc":{"start":{"line":126,"column":60},"end":{"line":126,"column":74}},"type":"default-arg","locations":[{"start":{"line":126,"column":69},"end":{"line":126,"column":74}}],"line":126},"21":{"loc":{"start":{"line":126,"column":76},"end":{"line":126,"column":89}},"type":"default-arg","locations":[{"start":{"line":126,"column":84},"end":{"line":126,"column":89}}],"line":126},"22":{"loc":{"start":{"line":126,"column":91},"end":{"line":126,"column":115}},"type":"default-arg","locations":[{"start":{"line":126,"column":103},"end":{"line":126,"column":115}}],"line":126},"23":{"loc":{"start":{"line":131,"column":1},"end":{"line":136,"column":2}},"type":"if","locations":[{"start":{"line":131,"column":1},"end":{"line":136,"column":2}},{"start":{"line":134,"column":8},"end":{"line":136,"column":2}}],"line":131},"24":{"loc":{"start":{"line":132,"column":2},"end":{"line":132,"column":63}},"type":"if","locations":[{"start":{"line":132,"column":2},"end":{"line":132,"column":63}},{"start":{},"end":{}}],"line":132},"25":{"loc":{"start":{"line":133,"column":2},"end":{"line":133,"column":83}},"type":"if","locations":[{"start":{"line":133,"column":2},"end":{"line":133,"column":83}},{"start":{},"end":{}}],"line":133},"26":{"loc":{"start":{"line":134,"column":8},"end":{"line":136,"column":2}},"type":"if","locations":[{"start":{"line":134,"column":8},"end":{"line":136,"column":2}},{"start":{},"end":{}}],"line":134},"27":{"loc":{"start":{"line":138,"column":1},"end":{"line":141,"column":2}},"type":"if","locations":[{"start":{"line":138,"column":1},"end":{"line":141,"column":2}},{"start":{},"end":{}}],"line":138},"28":{"loc":{"start":{"line":138,"column":5},"end":{"line":138,"column":38}},"type":"binary-expr","locations":[{"start":{"line":138,"column":5},"end":{"line":138,"column":11}},{"start":{"line":138,"column":15},"end":{"line":138,"column":38}}],"line":138},"29":{"loc":{"start":{"line":139,"column":2},"end":{"line":139,"column":113}},"type":"if","locations":[{"start":{"line":139,"column":2},"end":{"line":139,"column":113}},{"start":{},"end":{}}],"line":139},"30":{"loc":{"start":{"line":144,"column":1},"end":{"line":147,"column":2}},"type":"if","locations":[{"start":{"line":144,"column":1},"end":{"line":147,"column":2}},{"start":{},"end":{}}],"line":144},"31":{"loc":{"start":{"line":145,"column":2},"end":{"line":145,"column":96}},"type":"if","locations":[{"start":{"line":145,"column":2},"end":{"line":145,"column":96}},{"start":{},"end":{}}],"line":145},"32":{"loc":{"start":{"line":148,"column":1},"end":{"line":150,"column":2}},"type":"if","locations":[{"start":{"line":148,"column":1},"end":{"line":150,"column":2}},{"start":{},"end":{}}],"line":148},"33":{"loc":{"start":{"line":148,"column":5},"end":{"line":148,"column":46}},"type":"binary-expr","locations":[{"start":{"line":148,"column":5},"end":{"line":148,"column":20}},{"start":{"line":148,"column":24},"end":{"line":148,"column":46}}],"line":148},"34":{"loc":{"start":{"line":151,"column":1},"end":{"line":154,"column":2}},"type":"if","locations":[{"start":{"line":151,"column":1},"end":{"line":154,"column":2}},{"start":{},"end":{}}],"line":151},"35":{"loc":{"start":{"line":152,"column":2},"end":{"line":152,"column":89}},"type":"if","locations":[{"start":{"line":152,"column":2},"end":{"line":152,"column":89}},{"start":{},"end":{}}],"line":152},"36":{"loc":{"start":{"line":160,"column":39},"end":{"line":160,"column":202}},"type":"if","locations":[{"start":{"line":160,"column":39},"end":{"line":160,"column":202}},{"start":{},"end":{}}],"line":160},"37":{"loc":{"start":{"line":181,"column":23},"end":{"line":181,"column":167}},"type":"default-arg","locations":[{"start":{"line":181,"column":165},"end":{"line":181,"column":167}}],"line":181},"38":{"loc":{"start":{"line":181,"column":25},"end":{"line":181,"column":39}},"type":"default-arg","locations":[{"start":{"line":181,"column":34},"end":{"line":181,"column":39}}],"line":181},"39":{"loc":{"start":{"line":181,"column":41},"end":{"line":181,"column":54}},"type":"default-arg","locations":[{"start":{"line":181,"column":49},"end":{"line":181,"column":54}}],"line":181},"40":{"loc":{"start":{"line":181,"column":56},"end":{"line":181,"column":80}},"type":"default-arg","locations":[{"start":{"line":181,"column":68},"end":{"line":181,"column":80}}],"line":181},"41":{"loc":{"start":{"line":181,"column":82},"end":{"line":181,"column":103}},"type":"default-arg","locations":[{"start":{"line":181,"column":97},"end":{"line":181,"column":103}}],"line":181},"42":{"loc":{"start":{"line":181,"column":105},"end":{"line":181,"column":139}},"type":"default-arg","locations":[{"start":{"line":181,"column":130},"end":{"line":181,"column":139}}],"line":181},"43":{"loc":{"start":{"line":181,"column":141},"end":{"line":181,"column":160}},"type":"default-arg","locations":[{"start":{"line":181,"column":155},"end":{"line":181,"column":160}}],"line":181},"44":{"loc":{"start":{"line":197,"column":2},"end":{"line":197,"column":76}},"type":"if","locations":[{"start":{"line":197,"column":2},"end":{"line":197,"column":76}},{"start":{},"end":{}}],"line":197},"45":{"loc":{"start":{"line":201,"column":23},"end":{"line":201,"column":88}},"type":"binary-expr","locations":[{"start":{"line":201,"column":23},"end":{"line":201,"column":28}},{"start":{"line":201,"column":32},"end":{"line":201,"column":55}},{"start":{"line":201,"column":59},"end":{"line":201,"column":88}}],"line":201},"46":{"loc":{"start":{"line":202,"column":25},"end":{"line":202,"column":148}},"type":"binary-expr","locations":[{"start":{"line":202,"column":25},"end":{"line":202,"column":54}},{"start":{"line":202,"column":59},"end":{"line":202,"column":87}},{"start":{"line":202,"column":91},"end":{"line":202,"column":131}},{"start":{"line":202,"column":135},"end":{"line":202,"column":147}}],"line":202},"47":{"loc":{"start":{"line":203,"column":2},"end":{"line":203,"column":86}},"type":"if","locations":[{"start":{"line":203,"column":2},"end":{"line":203,"column":86}},{"start":{},"end":{}}],"line":203},"48":{"loc":{"start":{"line":203,"column":6},"end":{"line":203,"column":52}},"type":"binary-expr","locations":[{"start":{"line":203,"column":6},"end":{"line":203,"column":19}},{"start":{"line":203,"column":23},"end":{"line":203,"column":52}}],"line":203},"49":{"loc":{"start":{"line":204,"column":2},"end":{"line":204,"column":171}},"type":"if","locations":[{"start":{"line":204,"column":2},"end":{"line":204,"column":171}},{"start":{},"end":{}}],"line":204},"50":{"loc":{"start":{"line":205,"column":52},"end":{"line":205,"column":80}},"type":"binary-expr","locations":[{"start":{"line":205,"column":52},"end":{"line":205,"column":57}},{"start":{"line":205,"column":61},"end":{"line":205,"column":80}}],"line":205},"51":{"loc":{"start":{"line":211,"column":3},"end":{"line":212,"column":147}},"type":"if","locations":[{"start":{"line":211,"column":3},"end":{"line":212,"column":147}},{"start":{"line":212,"column":8},"end":{"line":212,"column":147}}],"line":211},"52":{"loc":{"start":{"line":212,"column":8},"end":{"line":212,"column":147}},"type":"if","locations":[{"start":{"line":212,"column":8},"end":{"line":212,"column":147}},{"start":{},"end":{}}],"line":212},"53":{"loc":{"start":{"line":212,"column":111},"end":{"line":212,"column":145}},"type":"if","locations":[{"start":{"line":212,"column":111},"end":{"line":212,"column":145}},{"start":{},"end":{}}],"line":212},"54":{"loc":{"start":{"line":213,"column":3},"end":{"line":213,"column":37}},"type":"if","locations":[{"start":{"line":213,"column":3},"end":{"line":213,"column":37}},{"start":{},"end":{}}],"line":213},"55":{"loc":{"start":{"line":217,"column":2},"end":{"line":217,"column":114}},"type":"if","locations":[{"start":{"line":217,"column":2},"end":{"line":217,"column":114}},{"start":{},"end":{}}],"line":217},"56":{"loc":{"start":{"line":217,"column":6},"end":{"line":217,"column":68}},"type":"binary-expr","locations":[{"start":{"line":217,"column":6},"end":{"line":217,"column":29}},{"start":{"line":217,"column":33},"end":{"line":217,"column":68}}],"line":217},"57":{"loc":{"start":{"line":219,"column":15},"end":{"line":219,"column":45}},"type":"binary-expr","locations":[{"start":{"line":219,"column":15},"end":{"line":219,"column":39}},{"start":{"line":219,"column":43},"end":{"line":219,"column":45}}],"line":219},"58":{"loc":{"start":{"line":222,"column":2},"end":{"line":222,"column":94}},"type":"if","locations":[{"start":{"line":222,"column":2},"end":{"line":222,"column":94}},{"start":{},"end":{}}],"line":222},"59":{"loc":{"start":{"line":227,"column":18},"end":{"line":227,"column":84}},"type":"binary-expr","locations":[{"start":{"line":227,"column":18},"end":{"line":227,"column":49}},{"start":{"line":227,"column":53},"end":{"line":227,"column":84}}],"line":227}},"s":{"0":64,"1":2,"2":25,"3":25,"4":25,"5":25,"6":22,"7":22,"8":25,"9":25,"10":25,"11":25,"12":26,"13":26,"14":26,"15":22,"16":22,"17":0,"18":22,"19":22,"20":22,"21":0,"22":22,"23":22,"24":0,"25":22,"26":22,"27":22,"28":1,"29":1,"30":0,"31":1,"32":1,"33":0,"34":1,"35":1,"36":1,"37":21,"38":0,"39":4,"40":4,"41":3,"42":3,"43":0,"44":3,"45":3,"46":1,"47":82,"48":1,"49":1,"50":1,"51":1,"52":0,"53":0,"54":31,"55":31,"56":19,"57":19,"58":0,"59":12,"60":30,"61":30,"62":30,"63":30,"64":30,"65":20,"66":20,"67":20,"68":20,"69":20,"70":19,"71":1,"72":19,"73":1,"74":1,"75":0,"76":20,"77":0,"78":0,"79":0,"80":20,"81":19,"82":1,"83":0,"84":1,"85":18,"86":1,"87":17,"88":0,"89":0,"90":0,"91":17,"92":17,"93":17,"94":17,"95":17,"96":0,"97":0,"98":0,"99":0,"100":0,"101":17,"102":17,"103":17,"104":17,"105":17,"106":17,"107":0,"108":0,"109":0,"110":17,"111":17,"112":17,"113":17,"114":17,"115":17,"116":17,"117":14,"118":14,"119":14,"120":14,"121":14,"122":14,"123":14,"124":14,"125":15,"126":13,"127":16,"128":16,"129":16,"130":9,"131":6,"132":0,"133":6,"134":6,"135":6,"136":6,"137":6,"138":6,"139":2,"140":4,"141":0,"142":0,"143":0,"144":4,"145":4,"146":4,"147":4,"148":4,"149":9,"150":9,"151":9,"152":9,"153":9,"154":0,"155":9,"156":9,"157":9,"158":9,"159":0,"160":9,"161":0,"162":9,"163":0,"164":9,"165":9,"166":9,"167":9,"168":9,"169":0,"170":9,"171":0,"172":9,"173":9,"174":9,"175":9,"176":9,"177":9,"178":9,"179":9},"f":{"0":64,"1":25,"2":22,"3":26,"4":22,"5":0,"6":0,"7":3,"8":82,"9":1,"10":31,"11":30,"12":20,"13":17,"14":0,"15":17,"16":0,"17":14,"18":15,"19":13,"20":16,"21":16,"22":9,
[...]
9,"column":28}},"41":{"start":{"line":100,"column":4},"end":{"line":100,"column":84}},"42":{"start":{"line":101,"column":4},"end":{"line":101,"column":58}},"43":{"start":{"line":102,"column":4},"end":{"line":102,"column":20}},"44":{"start":{"line":103,"column":4},"end":{"line":103,"column":16}},"45":{"start":{"line":105,"column":2},"end":{"line":105,"column":15}},"46":{"start":{"line":123,"column":0},"end":{"line":126,"column":1}},"47":{"start":{"line":124,"column":15},"end":{"line":124,"column":36}},"48":{"start":{"line":125,"column":2},"end":{"line":125,"column":28}}},"fnMap":{"0":{"name":"validateConfig","decl":{"start":{"line":14,"column":9},"end":{"line":14,"column":23}},"loc":{"start":{"line":14,"column":48},"end":{"line":17,"column":1}},"line":14},"1":{"name":"validateConfigWithCache","decl":{"start":{"line":27,"column":9},"end":{"line":27,"column":32}},"loc":{"start":{"line":27,"column":67},"end":{"line":29,"column":1}},"line":27},"2":{"name":"runConfigValidation","decl":{"start":{"line":31,"column":9},"end":{"line":31,"column":28}},"loc":{"start":{"line":31,"column":35},"end":{"line":51,"column":1}},"line":31},"3":{"name":"logValidationErrors","decl":{"start":{"line":53,"column":9},"end":{"line":53,"column":28}},"loc":{"start":{"line":53,"column":37},"end":{"line":59,"column":1}},"line":53},"4":{"name":"(anonymous_4)","decl":{"start":{"line":55,"column":24},"end":{"line":55,"column":25}},"loc":{"start":{"line":55,"column":33},"end":{"line":57,"column":3}},"line":55},"5":{"name":"logValidationSuccess","decl":{"start":{"line":61,"column":9},"end":{"line":61,"column":29}},"loc":{"start":{"line":61,"column":38},"end":{"line":67,"column":1}},"line":61},"6":{"name":"checkConfigWithCache","decl":{"start":{"line":69,"column":9},"end":{"line":69,"column":29}},"loc":{"start":{"line":69,"column":62},"end":{"line":73,"column":1}},"line":69},"7":{"name":"parseCommandLineArgs","decl":{"start":{"line":75,"column":9},"end":{"line":75,"column":29}},"loc":{"start":{"line":75,"column":36},"end":{"line":87,"column":1}},"line":75},"8":{"name":"(anonymous_8)","decl":{"start":{"line":76,"column":33},"end":{"line":76,"column":34}},"loc":{"start":{"line":76,"column":40},"end":{"line":76,"column":61}},"line":76},"9":{"name":"showHelpMessage","decl":{"start":{"line":89,"column":9},"end":{"line":89,"column":24}},"loc":{"start":{"line":89,"column":31},"end":{"line":106,"column":1}},"line":89}},"branchMap":{"0":{"loc":{"start":{"line":41,"column":2},"end":{"line":43,"column":3}},"type":"if","locations":[{"start":{"line":41,"column":2},"end":{"line":43,"column":3}},{"start":{},"end":{}}],"line":41},"1":{"loc":{"start":{"line":45,"column":2},"end":{"line":47,"column":3}},"type":"if","locations":[{"start":{"line":45,"column":2},"end":{"line":47,"column":3}},{"start":{},"end":{}}],"line":45},"2":{"loc":{"start":{"line":50,"column":2},"end":{"line":50,"column":83}},"type":"cond-expr","locations":[{"start":{"line":50,"column":17},"end":{"line":50,"column":49}},{"start":{"line":50,"column":52},"end":{"line":50,"column":83}}],"line":50},"3":{"loc":{"start":{"line":63,"column":2},"end":{"line":65,"column":3}},"type":"if","locations":[{"start":{"line":63,"column":2},"end":{"line":65,"column":3}},{"start":{},"end":{}}],"line":63},"4":{"loc":{"start":{"line":70,"column":9},"end":{"line":72,"column":32}},"type":"cond-expr","locations":[{"start":{"line":71,"column":6},"end":{"line":71,"column":57}},{"start":{"line":72,"column":6},"end":{"line":72,"column":32}}],"line":70},"5":{"loc":{"start":{"line":81,"column":2},"end":{"line":85,"column":3}},"type":"if","locations":[{"start":{"line":81,"column":2},"end":{"line":85,"column":3}},{"start":{},"end":{}}],"line":81},"6":{"loc":{"start":{"line":90,"column":2},"end":{"line":104,"column":3}},"type":"if","locations":[{"start":{"line":90,"column":2},"end":{"line":104,"column":3}},{"start":{},"end":{}}],"line":90},"7":{"loc":{"start":{"line":90,"column":6},"end":{"line":90,"column":73}},"type":"binary-expr","locations":[{"start":{"line":90,"column":6},"end":{"line":90,"column":23}},{"start":{"line":90,"column":27},"end":{"line":90,"column":50}},{"start":{"line":90,"column":54},"end":{"line":90,"column":73}}],"line":90},"8":{"loc":{"start":{"line":123,"column":0},"end":{"line":126,"column":1}},"type":"if","locations":[{"start":{"line":123,"column":0},"end":{"line":126,"column":1}},{"start":{},"end":{}}],"line":123}},"s":{"0":23,"1":23,"2":21,"3":0,"4":0,"5":0,"6":0,"7":0,"8":0,"9":0,"10":0,"11":0,"12":2,"13":2,"14":2,"15":2,"16":2,"17":2,"18":1,"19":2,"20":3,"21":7,"22":13,"23":7,"24":7,"25":7,"26":7,"27":1,"28":1,"29":1,"30":6,"31":5,"32":4,"33":4,"34":4,"35":4,"36":4,"37":4,"38":4,"39":4,"40":4,"41":4,"42":4,"43":4,"44":4,"45":1,"46":7,"47":0,"48":0},"f":{"0":23,"1":21,"2":0,"3":2,"4":2,"5":2,"6":3,"7":7,"8":13,"9":5},"b":{"0":[0,0],"1":[0,0],"2":[0,0],"3":[1,1],"4":[2,1],"5":[1,6],"6":[4,1],"7":[5,4,2],"8":[0,7]},"inputSourceMap":null,"_coverageSchema":"1a1c01bbd47fc00a2c39e90264f33305004495a9","hash":"e87edb7520b2ca1165d79b0ec642e1d3ffb2f7cc"}
,"/home/runner/work/foundryvtt-dev-pod/foundryvtt-dev-pod/tests/unit/scripts/dev-smoke-install.js": {"path":"/home/runner/work/foundryvtt-dev-pod/foundryvtt-dev-pod/tests/unit/scripts/dev-smoke-install.js","statementMap":{"0":{"start":{"line":15,"column":15},"end":{"line":15,"column":17}},"1":{"start":{"line":16,"column":2},"end":{"line":23,"column":3}},"2":{"start":{"line":16,"column":15},"end":{"line":16,"column":16}},"3":{"start":{"line":17,"column":14},"end":{"line":17,"column":21}},"4":{"start":{"line":18,"column":4},"end":{"line":22,"column":5}},"5":{"start":{"line":19,"column":18},"end":{"line":19,"column":28}},"6":{"start":{"line":20,"column":18},"end":{"line":20,"column":81}},"7":{"start":{"line":21,"column":6},"end":{"line":21,"column":22}},"8":{"start":{"line":24,"column":2},"end":{"line":24,"column":14}},"9":{"start":{"line":28,"column":19},"end":{"line":28,"column":36}},"10":{"start":{"line":29,"column":2},"end":{"line":29,"column":63}},"11":{"start":{"line":29,"column":21},"end":{"line":29,"column":63}},"12":{"start":{"line":30,"column":2},"end":{"line":30,"column":51}},"13":{"start":{"line":30,"column":17},"end":{"line":30,"column":51}},"14":{"start":{"line":31,"column":2},"end":{"line":31,"column":49}},"15":{"start":{"line":31,"column":16},"end":{"line":31,"column":49}},"16":{"start":{"line":32,"column":2},"end":{"line":46,"column":4}},"17":{"start":{"line":50,"column":15},"end":{"line":50,"column":82}},"18":{"start":{"line":51,"column":2},"end":{"line":53,"column":3}},"19":{"start":{"line":52,"column":4},"end":{"line":52,"column":125}},"20":{"start":{"line":55,"column":14},"end":{"line":55,"column":45}},"21":{"start":{"line":56,"column":2},"end":{"line":56,"column":90}},"22":{"start":{"line":57,"column":2},"end":{"line":57,"column":121}},"23":{"start":{"line":58,"column":2},"end":{"line":58,"column":89}},"24":{"start":{"line":60,"column":20},"end":{"line":64,"column":3}},"25":{"start":{"line":66,"column":15},"end":{"line":66,"column":75}},"26":{"start":{"line":67,"column":17},"end":{"line":67,"column":45}},"27":{"start":{"line":69,"column":2},"end":{"line":69,"column":77}},"28":{"start":{"line":70,"column":2},"end":{"line":70,"column":79}},"29":{"start":{"line":73,"column":2},"end":{"line":73,"column":65}},"30":{"start":{"line":75,"column":2},"end":{"line":75,"column":65}},"31":{"start":{"line":77,"column":2},"end":{"line":77,"column":67}},"32":{"start":{"line":80,"column":18},"end":{"line":80,"column":70}},"33":{"start":{"line":81,"column":18},"end":{"line":81,"column":57}},"34":{"start":{"line":82,"column":20},"end":{"line":82,"column":96}},"35":{"start":{"line":83,"column":20},"end":{"line":83,"column":55}},"36":{"start":{"line":84,"column":15},"end":{"line":89,"column":34}},"37":{"start":{"line":90,"column":2},"end":{"line":90,"column":42}},"38":{"start":{"line":92,"column":19},"end":{"line":92,"column":73}},"39":{"start":{"line":93,"column":29},"end":{"line":98,"column":4}},"40":{"start":{"line":94,"column":14},"end":{"line":94,"column":67}},"41":{"start":{"line":95,"column":13},"end":{"line":95,"column":28}},"42":{"start":{"line":96,"column":4},"end":{"line":96,"column":65}},"43":{"start":{"line":96,"column":33},"end":{"line":96,"column":61}},"44":{"start":{"line":97,"column":4},"end":{"line":97,"column":72}},"45":{"start":{"line":97,"column":28},"end":{"line":97,"column":70}},"46":{"start":{"line":99,"column":2},"end":{"line":102,"column":3}},"47":{"start":{"line":100,"column":16},"end":{"line":100,"column":56}},"48":{"start":{"line":101,"column":4},"end":{"line":101,"column":54}},"49":{"start":{"line":104,"column":2},"end":{"line":104,"column":31}},"50":{"start":{"line":106,"column":2},"end":{"line":112,"column":4}},"51":{"start":{"line":117,"column":0},"end":{"line":134,"column":1}},"52":{"start":{"line":119,"column":2},"end":{"line":133,"column":5}},"53":{"start":{"line":121,"column":4},"end":{"line":132,"column":7}},"54":{"start":{"line":122,"column":23},"end":{"line":122,"column":78}},"55":{"start":{"line":123,"column":6},"end":{"line":123,"column":50}},"56":{"start":{"line":124,"column":18},"end":{"line":127,"column":7}},"57":{"start":{"line":128,"column":18},"end":{"line":128,"column":97}},"58":{"start":{"line":129,"column":6},"end":{"line":129,"column":31}},"59":{"start":{"line":130,"column":6},"end":{"line":130,"column":39}},"60":{"start":{"line":131,"column":6},"end":{"line":131,"column":69}}},"fnMap":{"0":{"name":"parseArgs","decl":{"start":{"line":14,"column":9},"end":{"line":14,"column":18}},"loc":{"start":{"line":14,"column":25},"end":{"line":25,"column":1}},"line":14},"1":{"name":"buildConfig","decl":{"start":{"line":27,"column":9},"end":{"line":27,"column":20}},"loc":{"start":{"line":27,"column":38},"end":{"line":47,"column":1}},"line":27},"2":{"name":"smokeInstall","decl":{"start":{"line":49,"column":22},"end":{"line":49,"column":34}},"loc":{"start":{"line":49,"column":66},"end":{"line":113,"column":1}},"line":49},"3":{"name":"(anonymous_3)","decl":{"start":{"line":93,"column":47},"end":{"line":93,"column":48}},"loc":{"start":{"line":93,"column":60},"end":{"line":98,"column":3}},"line":93},"4":{"name":"(anonymous_4)","decl":{"start":{"line":96,"column":24},"end":{"line":96,"column":25}},"loc":{"start":{"line":96,"column":31},"end":{"line":96,"column":63}},"line":96},"5":{"name":"(anonymous_5)","decl":{"start":{"line":97,"column":18},"end":{"line":97,"column":19}},"loc":{"start":{"line":97,"column":28},"end":{"line":97,"column":70}},"line":97},"6":{"name":"(anonymous_6)","decl":{"start":{"line":119,"column":45},"end":{"line":119,"column":46}},"loc":{"start":{"line":119,"column":51},"end":{"line":133,"column":3}},"line":119},"7":{"name":"(anonymous_7)","decl":{"start":{"line":121,"column":53},"end":{"line":121,"column":54}},"loc":{"start":{"line":121,"column":65},"end":{"line":132,"column":5}},"line":121}},"branchMap":{"0":{"loc":{"start":{"line":18,"column":4},"end":{"line":22,"column":5}},"type":"if","locations":[{"start":{"line":18,"column":4},"end":{"line":22,"column":5}},{"start":{},"end":{}}],"line":18},"1":{"loc":{"start":{"line":20,"column":18},"end":{"line":20,"column":81}},"type":"cond-expr","locations":[{"start":{"line":20,"column":65},"end":{"line":20,"column":74}},{"start":{"line":20,"column":77},"end":{"line":20,"column":81}}],"line":20},"2":{"loc":{"start":{"line":20,"column":18},"end":{"line":20,"column":62}},"type":"binary-expr","locations":[{"start":{"line":20,"column":18},"end":{"line":20,"column":29}},{"start":{"line":20,"column":33},"end":{"line":20,"column":62}}],"line":20},"3":{"loc":{"start":{"line":29,"column":2},"end":{"line":29,"column":63}},"type":"if","locations":[{"start":{"line":29,"column":2},"end":{"line":29,"column":63}},{"start":{},"end":{}}],"line":29},"4":{"loc":{"start":{"line":30,"column":2},"end":{"line":30,"column":51}},"type":"if","locations":[{"start":{"line":30,"column":2},"end":{"line":30,"column":51}},{"start":{},"end":{}}],"line":30},"5":{"loc":{"start":{"line":31,"column":2},"end":{"line":31,"column":49}},"type":"if","locations":[{"start":{"line":31,"column":2},"end":{"line":31,"column":49}},{"start":{},"end":{}}],"line":31},"6":{"loc":{"start":{"line":33,"column":13},"end":{"line":33,"column":66}},"type":"cond-expr","locations":[{"start":{"line":33,"column":38},"end":{"line":33,"column":61}},{"start":{"line":33,"column":64},"end":{"line":33,"column":66}}],"line":33},"7":{"loc":{"start":{"line":34,"column":13},"end":{"line":34,"column":66}},"type":"cond-expr","locations":[{"start":{"line":34,"column":38},"end":{"line":34,"column":61}},{"start":{"line":34,"column":64},"end":{"line":34,"column":66}}],"line":34},"8":{"loc":{"start":{"line":35,"column":13},"end":{"line":35,"column":66}},"type":"cond-expr","locations":[{"start":{"line":35,"column":38},"end":{"line":35,"column":61}},{"start":{"line":35,"column":64},"end":{"line":35,"column":66}}],"line":35},"9":{"loc":{"start":{"line":40,"column":19},"end":{"line":40,"column":73}},"type":"cond-expr","locations":[{"start":{"line":40,"column":44},"end":{"line":40,"column":61}},{"start":{"line":40,"column":64},"end":{"line":40,"column":73}}],"line":40},"10":{"loc":{"start":{"line":41,"column":19},"end":{"line":41,"column":73}},"type":"cond-expr","locations":[{"start":{"line":41,"column":44},"end":{"line":41,"column":61}},{"start":{"line":41,"column":64},"end":{"line":41,"column":73}}],"line":41},"11":{"loc":{"start":{"line":42,"column":19},"end":{"line":42,"column":73}},"type":"cond-expr","locations":[{"start":{"line":42,"column":44},"end":{"line":42,"column":61}},{"start":{"line":42,"column":64},"end":{"line":42,"column":73}}],"line":42},"12":{"loc":{"start":{"line":49,"column":35},"end":{"line":49,"column":49}},"type":"default-arg","locations":[{"start":{"line":49,"column":47},"end":{"line":49,"column":49}}],"line":49},"13":{"loc":{"start":{"line":49,"column":51},"end":{"line":49,"column":64}},"type":"default-arg","locations":[{"start":{"line":49,"column":62},"end":{"line":49,"column":64}}],"line":49},"14":{"loc":{"start":{"line":50,"column":15},"end":{"line":50,"column":82}},"type":"cond-expr","locations":[{"start":{"line":50,"column":47},"end":{"line":50,"column":56}},{"start":{"line":50,"column":59},"end":{"line":50,"column":82}}],"line":50},"15":{"loc":{"start":{"line":51,"column":2},"end":{"line":53,"column":3}},"type":"if","locations":[{"start":{"line":51,"column":2},"end":{"line":53,"column":3}},{"start":{},"end":{}}],"line":51},"16":{"loc":{"start":{"line":51,"column":6},"end":{"line":51,"column":75}},"type":"binary-expr","locations":[{"start":{"line":51,"column":6},"end":{"line":51,"column":16}},{"start":{"line":51,"column":20},"end":{"line":51,"column":28}},{"start":{"line":51,"column":33},"end":{"line":51,"column":47}},{"start":{"line":51,"column":51},"end":{"line":51,"column":61}},{"start":{"line":51,"column":65},"end":{"line":51,"column":74}}],"line":51},"17":{"loc":{"start":{"line":56,"column":25},"end":{"line":56,"column":89}},"type":"binary-expr","locations":[{"start":{"line":56,"column":25},"end":{"line":56,"column":45}},{"start":{"line":56,"column":49},"end":{"line":56,"column":89}}],"line":56},"18":{"loc":{"start":{"line":57,"column":30},"end":{"line":57,"column":120}},"type":"binary-expr","locations":[{"start":{"line":57,"column":30},"end":{"line":57,"column":55}},{"start":{"line":57,"column":59},"end":{"line":57,"column":120}}],"line":57},"19":{"loc":{"start":{"line":58,"column":24},"end":{"line":58,"column":88}},"type":"binary-expr","locations":[{"start":{"line":58,"column":24},"end":{"line":58,"column":43}},{"start":{"line":58,"column":47},"end":{"line":58,"column":88}}],"line":58},"20":{"loc":{"start":{"line":61,"column":13},"end":{"line":61,"column":55}},"type":"binary-expr","locations":[{"start":{"line":61,"column":13},"end":{"line":61,"column":47}},{"start":{"line":61,"column":51},"end":{"line":61,"column":55}}],"line":61},"21":{"loc":{"start":{"line":97,"column":46},"end":{"line":97,"column":55}},"type":"binary-expr","locations":[{"start":{"line":97,"column":46},"end":{"line":97,"column":50}},{"start":{"line":97,"column":54},"end":{"line":97,"column":55}}],"line":97},"22":{"loc":{"start":{"line":99,"column":2},"end":{"line":102,"column":3}},"type":"if","locations":[{"start":{"line":99,"column":2},"end":{"line":102,"column":3}},{"start":{},"end":{}}],"line":99},"23":{"loc":{"start":{"line":100,"column":16},"end":{"line":100,"column":56}},"type":"binary-expr","locations":[{"start":{"line":100,"column":16},"end":{"line":100,"column":34}},{"start":{"line":100,"column":38},"end":{"line":100,"column":56}}],"line":100},"24":{"loc":{"start":{"line":117,"column":0},"end":{"line":134,"column":1}},"type":"if","locations":[{"start":{"line":117,"column":0},"end":{"line":134,"column":1}},{"start":{},"end":{}}],"line":117}},"s":{"0":0,"1":0,"2":0,"3":0,"4":0,"5":0,"6":0,"7":0,"8":0,"9":2,"10":2,"11":0,"12":2,"13":2,"14":2,"15":0,"16":2,"17":2,"18":2,"19":0,"20":2,"21":2,"22":2,"23":2,"24":2,"25":2,"26":2,"27":2,"28":2,"29":2,"30":2,"31":2,"32":2,"33":2,"34":2,"35":2,"36":2,"37":2,"38":2,"39":2,"40":2,"41":2,"42":2,"43":2,"44":2,"45":2,"46":2,"47":0,"48":0,"49":2,"50":2,"51":1,"52":1,"53":1,"54":1,"55":1,"56":1,"57":1,"58":1,"59":1,"60":1},"f":{"0":0,"1":2,"2":2,"3":2,"4":2,"5":2,"6":1,"7":1},"b":{"0":[0,0],"1":[0,0],"2":[0,0],"3":[0,2],"4":[2,0],"5":[0,2],"6":[0,2],"7":[0,2],"8":[2,0],"9":[0,2],"10":[0,2],"11":[2,0],"12":[0],"13":[0],"14":[2,0],"15":[0,2],"16":[2,2,2,2,0],"17":[2,2],"18":[2,2],"19":[2,2],"20":[2,2],"21":[2,0],"22":[0,2],"23":[0,0],"24":[1,0]},"inputSourceMap":null,"_coverageSchema":"1a1c01bbd47fc00a2c39e90264f33305004495a9","hash":"63c08e144ecb4446abdeeb421bec2f32caab5d77"}
,"/home/runner/work/foundryvtt-dev-pod/foundryvtt-dev-pod/tests/utils/shell.js": {"path":"/home/runner/work/foundryvtt-dev-pod/foundryvtt-dev-pod/tests/utils/shell.js","statementMap":{"0":{"start":{"line":11,"column":14},"end":{"line":11,"column":39}},"1":{"start":{"line":12,"column":14},"end":{"line":12,"column":53}},"2":{"start":{"line":13,"column":14},"end":{"line":13,"column":95}},"3":{"start":{"line":14,"column":2},"end":{"line":14,"column":82}}},"fnMap":{"0":{"name":"runBashScript","decl":{"start":{"line":10,"column":9},"end":{"line":10,"column":22}},"loc":{"start":{"line":10,"column":53},"end":{"line":15,"column":1}},"line":10}},"branchMap":{"0":{"loc":{"start":{"line":10,"column":31},"end":{"line":10,"column":40}},"type":"default-arg","locations":[{"start":{"line":10,"column":38},"end":{"line":10,"column":40}}],"line":10},"1":{"loc":{"start":{"line":10,"column":42},"end":{"line":10,"column":51}},"type":"default-arg","locations":[{"start":{"line":10,"column":49},"end":{"line":10,"column":51}}],"line":10},"2":{"loc":{"start":{"line":11,"column":14},"end":{"line":11,"column":39}},"type":"binary-expr","locations":[{"start":{"line":11,"column":14},"end":{"line":11,"column":22}},{"start":{"line":11,"column":26},"end":{"line":11,"column":39}}],"line":11},"3":{"loc":{"start":{"line":12,"column":36},"end":{"line":12,"column":50}},"type":"binary-expr","locations":[{"start":{"line":12,"column":36},"end":{"line":12,"column":44}},{"start":{"line":12,"column":48},"end":{"line":12,"column":50}}],"line":12},"4":{"loc":{"start":{"line":14,"column":37},"end":{"line":14,"column":53}},"type":"binary-expr","locations":[{"start":{"line":14,"column":37},"end":{"line":14,"column":47}},{"start":{"line":14,"column":51},"end":{"line":14,"column":53}}],"line":14},"5":{"loc":{"start":{"line":14,"column":63},"end":{"line":14,"column":79}},"type":"binary-expr","locations":[{"start":{"line":14,"column":63},"end":{"line":14,"column":73}},{"start":{"line":14,"column":77},"end":{"line":14,"column":79}}],"line":14}},"s":{"0":81,"1":81,"2":81,"3":81},"f":{"0":81},"b":{"0":[0],"1":[20],"2":[81,81],"3":[81,73],"4":[81,8],"5":[81,72]},"inputSourceMap":null,"_coverageSchema":"1a1c01bbd47fc00a2c39e90264f33305004495a9","hash":"321005c4d937e7e88b596c1ce1e681b2ee8c8bbb"}
}
